{"meta": {"format": 3, "version": "7.13.4", "timestamp": "2026-02-17T20:05:59.989108", "branch_coverage": false, "show_contexts": false}, "files": {"app/__init__.py": {"executed_lines": [], "summary": {"covered_lines": 0, "num_statements": 0, "percent_covered": 100.0, "percent_covered_display": "100", "missing_lines": 0, "excluded_lines": 0, "percent_statements_covered": 100.0, "percent_statements_covered_display": "100"}, "missing_lines": [], "excluded_lines": [], "functions": {"": {"executed_lines": [], "summary": {"covered_lines": 0, "num_statements": 0, "percent_covered": 100.0, "percent_covered_display": "100", "missing_lines": 0, "excluded_lines": 0, "percent_statements_covered": 100.0, "percent_statements_covered_display": "100"}, "missing_lines": [], "excluded_lines": [], "start_line": 1}}, "classes": {"": {"executed_lines": [], "summary": {"covered_lines": 0, "num_statements": 0, "percent_covered": 100.0, "percent_covered_display": "100", "missing_lines": 0, "excluded_lines": 0, "percent_statements_covered": 100.0, "percent_statements_covered_display": "100"}, "missing_lines": [], "excluded_lines": [], "start_line": 1}}}, "app/api/__init__.py": {"executed_lines": [], "summary": {"covered_lines": 0, "num_statements": 0, "percent_covered": 100.0, "percent_covered_display": "100", "missing_lines": 0, "excluded_lines": 0, "percent_statements_covered": 100.0, "percent_statements_covered_display": "100"}, "missing_lines": [], "excluded_lines": [], "functions": {"": {"executed_lines": [], "summary": {"covered_lines": 0, "num_statements": 0, "percent_covered": 100.0, "percent_covered_display": "100", "missing_lines": 0, "excluded_lines": 0, "percent_statements_covered": 100.0, "percent_statements_covered_display": "100"}, "missing_lines": [], "excluded_lines": [], "start_line": 1}}, "classes": {"": {"executed_lines": [], "summary": {"covered_lines": 0, "num_statements": 0, "percent_covered": 100.0, "percent_covered_display": "100", "missing_lines": 0, "excluded_lines": 0, "percent_statements_covered": 100.0, "percent_statements_covered_display": "100"}, "missing_lines": [], "excluded_lines": [], "start_line": 1}}}, "app/api/deps.py": {"executed_lines": [5, 6, 7, 9, 10, 11, 12, 13, 16, 19, 64, 81, 83, 85, 88], "summary": {"covered_lines": 15, "num_statements": 49, "percent_covered": 30.612244897959183, "percent_covered_display": "31", "missing_lines": 34, "excluded_lines": 0, "percent_statements_covered": 30.612244897959183, "percent_statements_covered_display": "31"}, "missing_lines": [25, 26, 27, 28, 29, 31, 33, 39, 40, 41, 42, 45, 46, 48, 49, 51, 52, 54, 55, 56, 58, 59, 61, 68, 69, 70, 72, 73, 75, 76, 77, 78, 84, 93], "excluded_lines": [], "functions": {"get_current_user": {"executed_lines": [], "summary": {"covered_lines": 0, "num_statements": 23, "percent_covered": 0.0, "percent_covered_display": "0", "missing_lines": 23, "excluded_lines": 0, "percent_statements_covered": 0.0, "percent_statements_covered_display": "0"}, "missing_lines": [25, 26, 27, 28, 29, 31, 33, 39, 40, 41, 42, 45, 46, 48, 49, 51, 52, 54, 55, 56, 58, 59, 61], "excluded_lines": [], "start_line": 19}, "get_current_user_optional": {"executed_lines": [], "summary": {"covered_lines": 0, "num_statements": 9, "percent_covered": 0.0, "percent_covered_display": "0", "missing_lines": 9, "excluded_lines": 0, "percent_statements_covered": 0.0, "percent_statements_covered_display": "0"}, "missing_lines": [68, 69, 70, 72, 73, 75, 76, 77, 78], "excluded_lines": [], "start_line": 64}, "require_user_id": {"executed_lines": [83, 85], "summary": {"covered_lines": 2, "num_statements": 3, "percent_covered": 66.66666666666667, "percent_covered_display": "67", "missing_lines": 1, "excluded_lines": 0, "percent_statements_covered": 66.66666666666667, "percent_statements_covered_display": "67"}, "missing_lines": [84], "excluded_lines": [], "start_line": 81}, "get_current_superuser": {"executed_lines": [], "summary": {"covered_lines": 0, "num_statements": 1, "percent_covered": 0.0, "percent_covered_display": "0", "missing_lines": 1, "excluded_lines": 0, "percent_statements_covered": 0.0, "percent_statements_covered_display": "0"}, "missing_lines": [93], "excluded_lines": [], "start_line": 88}, "": {"executed_lines": [5, 6, 7, 9, 10, 11, 12, 13, 16, 19, 64, 81, 88], "summary": {"covered_lines": 13, "num_statements": 13, "percent_covered": 100.0, "percent_covered_display": "100", "missing_lines": 0, "excluded_lines": 0, "percent_statements_covered": 100.0, "percent_statements_covered_display": "100"}, "missing_lines": [], "excluded_lines": [], "start_line": 1}}, "classes": {"": {"executed_lines": [5, 6, 7, 9, 10, 11, 12, 13, 16, 19, 64, 81, 83, 85, 88], "summary": {"covered_lines": 15, "num_statements": 49, "percent_covered": 30.612244897959183, "percent_covered_display": "31", "missing_lines": 34, "excluded_lines": 0, "percent_statements_covered": 30.612244897959183, "percent_statements_covered_display": "31"}, "missing_lines": [25, 26, 27, 28, 29, 31, 33, 39, 40, 41, 42, 45, 46, 48, 49, 51, 52, 54, 55, 56, 58, 59, 61, 68, 69, 70, 72, 73, 75, 76, 77, 78, 84, 93], "excluded_lines": [], "start_line": 1}}}, "app/api/v1/api.py": {"executed_lines": [1, 5, 6, 37, 38, 39, 45, 51, 58, 76, 79, 85, 91, 94, 100, 106, 109, 115, 121, 127, 133, 139, 142, 148, 154, 160, 167, 181, 188], "summary": {"covered_lines": 29, "num_statements": 29, "percent_covered": 100.0, "percent_covered_display": "100", "missing_lines": 0, "excluded_lines": 0, "percent_statements_covered": 100.0, "percent_statements_covered_display": "100"}, "missing_lines": [], "excluded_lines": [], "functions": {"": {"executed_lines": [1, 5, 6, 37, 38, 39, 45, 51, 58, 76, 79, 85, 91, 94, 100, 106, 109, 115, 121, 127, 133, 139, 142, 148, 154, 160, 167, 181, 188], "summary": {"covered_lines": 29, "num_statements": 29, "percent_covered": 100.0, "percent_covered_display": "100", "missing_lines": 0, "excluded_lines": 0, "percent_statements_covered": 100.0, "percent_statements_covered_display": "100"}, "missing_lines": [], "excluded_lines": [], "start_line": 1}}, "classes": {"": {"executed_lines": [1, 5, 6, 37, 38, 39, 45, 51, 58, 76, 79, 85, 91, 94, 100, 106, 109, 115, 121, 127, 133, 139, 142, 148, 154, 160, 167, 181, 188], "summary": {"covered_lines": 29, "num_statements": 29, "percent_covered": 100.0, "percent_covered_display": "100", "missing_lines": 0, "excluded_lines": 0, "percent_statements_covered": 100.0, "percent_statements_covered_display": "100"}, "missing_lines": [], "excluded_lines": [], "start_line": 1}}}, "app/api/v1/endpoints/ai_clarification.py": {"executed_lines": [6, 8, 9, 10, 11, 13, 14, 15, 16, 18, 21, 24, 25, 28, 31, 36, 53, 54, 105, 106, 132, 133, 150, 151], "summary": {"covered_lines": 24, "num_statements": 44, "percent_covered": 54.54545454545455, "percent_covered_display": "55", "missing_lines": 20, "excluded_lines": 0, "percent_statements_covered": 54.54545454545455, "percent_statements_covered_display": "55"}, "missing_lines": [32, 33, 34, 38, 39, 41, 42, 45, 47, 49, 50, 82, 83, 84, 85, 91, 94, 120, 147, 164], "excluded_lines": [], "functions": {"StreamingResponseGenerator.__init__": {"executed_lines": [], "summary": {"covered_lines": 0, "num_statements": 3, "percent_covered": 0.0, "percent_covered_display": "0", "missing_lines": 3, "excluded_lines": 0, "percent_statements_covered": 0.0, "percent_statements_covered_display": "0"}, "missing_lines": [32, 33, 34], "excluded_lines": [], "start_line": 31}, "StreamingResponseGenerator.generate": {"executed_lines": [], "summary": {"covered_lines": 0, "num_statements": 8, "percent_covered": 0.0, "percent_covered_display": "0", "missing_lines": 8, "excluded_lines": 0, "percent_statements_covered": 0.0, "percent_statements_covered_display": "0"}, "missing_lines": [38, 39, 41, 42, 45, 47, 49, 50], "excluded_lines": [], "start_line": 36}, "clarify_requirement": {"executed_lines": [], "summary": {"covered_lines": 0, "num_statements": 6, "percent_covered": 0.0, "percent_covered_display": "0", "missing_lines": 6, "excluded_lines": 0, "percent_statements_covered": 0.0, "percent_statements_covered_display": "0"}, "missing_lines": [82, 83, 84, 85, 91, 94], "excluded_lines": [], "start_line": 54}, "complete_clarification": {"executed_lines": [], "summary": {"covered_lines": 0, "num_statements": 1, "percent_covered": 0.0, "percent_covered_display": "0", "missing_lines": 1, "excluded_lines": 0, "percent_statements_covered": 0.0, "percent_statements_covered_display": "0"}, "missing_lines": [120], "excluded_lines": [], "start_line": 106}, "get_conversation": {"executed_lines": [], "summary": {"covered_lines": 0, "num_statements": 1, "percent_covered": 0.0, "percent_covered_display": "0", "missing_lines": 1, "excluded_lines": 0, "percent_statements_covered": 0.0, "percent_statements_covered_display": "0"}, "missing_lines": [147], "excluded_lines": [], "start_line": 133}, "reset_clarification": {"executed_lines": [], "summary": {"covered_lines": 0, "num_statements": 1, "percent_covered": 0.0, "percent_covered_display": "0", "missing_lines": 1, "excluded_lines": 0, "percent_statements_covered": 0.0, "percent_statements_covered_display": "0"}, "missing_lines": [164], "excluded_lines": [], "start_line": 151}, "": {"executed_lines": [6, 8, 9, 10, 11, 13, 14, 15, 16, 18, 21, 24, 25, 28, 31, 36, 53, 54, 105, 106, 132, 133, 150, 151], "summary": {"covered_lines": 24, "num_statements": 24, "percent_covered": 100.0, "percent_covered_display": "100", "missing_lines": 0, "excluded_lines": 0, "percent_statements_covered": 100.0, "percent_statements_covered_display": "100"}, "missing_lines": [], "excluded_lines": [], "start_line": 1}}, "classes": {"RequirementClarificationRequest": {"executed_lines": [], "summary": {"covered_lines": 0, "num_statements": 0, "percent_covered": 100.0, "percent_covered_display": "100", "missing_lines": 0, "excluded_lines": 0, "percent_statements_covered": 100.0, "percent_statements_covered_display": "100"}, "missing_lines": [], "excluded_lines": [], "start_line": 21}, "StreamingResponseGenerator": {"executed_lines": [], "summary": {"covered_lines": 0, "num_statements": 11, "percent_covered": 0.0, "percent_covered_display": "0", "missing_lines": 11, "excluded_lines": 0, "percent_statements_covered": 0.0, "percent_statements_covered_display": "0"}, "missing_lines": [32, 33, 34, 38, 39, 41, 42, 45, 47, 49, 50], "excluded_lines": [], "start_line": 28}, "": {"executed_lines": [6, 8, 9, 10, 11, 13, 14, 15, 16, 18, 21, 24, 25, 28, 31, 36, 53, 54, 105, 106, 132, 133, 150, 151], "summary": {"covered_lines": 24, "num_statements": 33, "percent_covered": 72.72727272727273, "percent_covered_display": "73", "missing_lines": 9, "excluded_lines": 0, "percent_statements_covered": 72.72727272727273, "percent_statements_covered_display": "73"}, "missing_lines": [82, 83, 84, 85, 91, 94, 120, 147, 164], "excluded_lines": [], "start_line": 1}}}, "app/api/v1/endpoints/ai_config.py": {"executed_lines": [6, 7, 9, 10, 11, 12, 20, 22, 25, 26, 38, 39, 57, 58, 76, 77, 102, 103, 124, 125, 141, 142, 157, 158, 167, 168], "summary": {"covered_lines": 26, "num_statements": 57, "percent_covered": 45.6140350877193, "percent_covered_display": "46", "missing_lines": 31, "excluded_lines": 0, "percent_statements_covered": 45.6140350877193, "percent_statements_covered_display": "46"}, "missing_lines": [34, 35, 47, 49, 50, 54, 68, 70, 71, 73, 93, 94, 95, 96, 97, 114, 118, 119, 121, 135, 137, 138, 148, 149, 154, 164, 179, 180, 186, 187, 188], "excluded_lines": [], "functions": {"list_ai_configs": {"executed_lines": [], "summary": {"covered_lines": 0, "num_statements": 2, "percent_covered": 0.0, "percent_covered_display": "0", "missing_lines": 2, "excluded_lines": 0, "percent_statements_covered": 0.0, "percent_statements_covered_display": "0"}, "missing_lines": [34, 35], "excluded_lines": [], "start_line": 26}, "get_default_config": {"executed_lines": [], "summary": {"covered_lines": 0, "num_statements": 4, "percent_covered": 0.0, "percent_covered_display": "0", "missing_lines": 4, "excluded_lines": 0, "percent_statements_covered": 0.0, "percent_statements_covered_display": "0"}, "missing_lines": [47, 49, 50, 54], "excluded_lines": [], "start_line": 39}, "get_ai_config": {"executed_lines": [], "summary": {"covered_lines": 0, "num_statements": 4, "percent_covered": 0.0, "percent_covered_display": "0", "missing_lines": 4, "excluded_lines": 0, "percent_statements_covered": 0.0, "percent_statements_covered_display": "0"}, "missing_lines": [68, 70, 71, 73], "excluded_lines": [], "start_line": 58}, "create_ai_config": {"executed_lines": [], "summary": {"covered_lines": 0, "num_statements": 5, "percent_covered": 0.0, "percent_covered_display": "0", "missing_lines": 5, "excluded_lines": 0, "percent_statements_covered": 0.0, "percent_statements_covered_display": "0"}, "missing_lines": [93, 94, 95, 96, 97], "excluded_lines": [], "start_line": 77}, "update_ai_config": {"executed_lines": [], "summary": {"covered_lines": 0, "num_statements": 4, "percent_covered": 0.0, "percent_covered_display": "0", "missing_lines": 4, "excluded_lines": 0, "percent_statements_covered": 0.0, "percent_statements_covered_display": "0"}, "missing_lines": [114, 118, 119, 121], "excluded_lines": [], "start_line": 103}, "delete_ai_config": {"executed_lines": [], "summary": {"covered_lines": 0, "num_statements": 3, "percent_covered": 0.0, "percent_covered_display": "0", "missing_lines": 3, "excluded_lines": 0, "percent_statements_covered": 0.0, "percent_statements_covered_display": "0"}, "missing_lines": [135, 137, 138], "excluded_lines": [], "start_line": 125}, "get_preset_config": {"executed_lines": [], "summary": {"covered_lines": 0, "num_statements": 3, "percent_covered": 0.0, "percent_covered_display": "0", "missing_lines": 3, "excluded_lines": 0, "percent_statements_covered": 0.0, "percent_statements_covered_display": "0"}, "missing_lines": [148, 149, 154], "excluded_lines": [], "start_line": 142}, "list_preset_configs": {"executed_lines": [], "summary": {"covered_lines": 0, "num_statements": 1, "percent_covered": 0.0, "percent_covered_display": "0", "missing_lines": 1, "excluded_lines": 0, "percent_statements_covered": 0.0, "percent_statements_covered_display": "0"}, "missing_lines": [164], "excluded_lines": [], "start_line": 158}, "test_api_config": {"executed_lines": [], "summary": {"covered_lines": 0, "num_statements": 5, "percent_covered": 0.0, "percent_covered_display": "0", "missing_lines": 5, "excluded_lines": 0, "percent_statements_covered": 0.0, "percent_statements_covered_display": "0"}, "missing_lines": [179, 180, 186, 187, 188], "excluded_lines": [], "start_line": 168}, "": {"executed_lines": [6, 7, 9, 10, 11, 12, 20, 22, 25, 26, 38, 39, 57, 58, 76, 77, 102, 103, 124, 125, 141, 142, 157, 158, 167, 168], "summary": {"covered_lines": 26, "num_statements": 26, "percent_covered": 100.0, "percent_covered_display": "100", "missing_lines": 0, "excluded_lines": 0, "percent_statements_covered": 100.0, "percent_statements_covered_display": "100"}, "missing_lines": [], "excluded_lines": [], "start_line": 1}}, "classes": {"": {"executed_lines": [6, 7, 9, 10, 11, 12, 20, 22, 25, 26, 38, 39, 57, 58, 76, 77, 102, 103, 124, 125, 141, 142, 157, 158, 167, 168], "summary": {"covered_lines": 26, "num_statements": 57, "percent_covered": 45.6140350877193, "percent_covered_display": "46", "missing_lines": 31, "excluded_lines": 0, "percent_statements_covered": 45.6140350877193, "percent_statements_covered_display": "46"}, "missing_lines": [34, 35, 47, 49, 50, 54, 68, 70, 71, 73, 93, 94, 95, 96, 97, 114, 118, 119, 121, 135, 137, 138, 148, 149, 154, 164, 179, 180, 186, 187, 188], "excluded_lines": [], "start_line": 1}}}, "app/api/v1/endpoints/api_test_cases.py": {"executed_lines": [5, 7, 8, 9, 10, 12, 13, 14, 15, 16, 17, 30, 31, 32, 33, 35, 43, 53, 70, 71, 114, 115, 179, 180, 194, 195, 237, 238, 261, 312, 313, 352, 355, 381, 382, 402, 405, 440, 441, 454, 457], "summary": {"covered_lines": 41, "num_statements": 177, "percent_covered": 23.163841807909606, "percent_covered_display": "23", "missing_lines": 136, "excluded_lines": 0, "percent_statements_covered": 23.163841807909606, "percent_statements_covered_display": "23"}, "missing_lines": [45, 46, 47, 50, 57, 58, 59, 62, 84, 87, 88, 89, 90, 91, 96, 107, 108, 109, 111, 136, 139, 144, 145, 146, 152, 153, 154, 157, 158, 161, 162, 163, 166, 167, 170, 171, 173, 186, 189, 191, 202, 205, 208, 211, 212, 213, 215, 216, 217, 218, 219, 220, 225, 226, 227, 229, 231, 232, 234, 244, 247, 250, 251, 253, 273, 274, 275, 278, 286, 287, 288, 290, 292, 293, 298, 299, 300, 301, 302, 304, 306, 307, 308, 309, 327, 330, 333, 340, 341, 342, 345, 349, 362, 365, 368, 375, 376, 378, 388, 389, 390, 395, 396, 397, 399, 411, 412, 413, 418, 419, 420, 423, 429, 430, 432, 445, 446, 448, 449, 451, 465, 468, 469, 470, 473, 475, 476, 477, 478, 479, 480, 483, 492, 493, 494, 496], "excluded_lines": [], "functions": {"get_test_case": {"executed_lines": [], "summary": {"covered_lines": 0, "num_statements": 4, "percent_covered": 0.0, "percent_covered_display": "0", "missing_lines": 4, "excluded_lines": 0, "percent_statements_covered": 0.0, "percent_statements_covered_display": "0"}, "missing_lines": [45, 46, 47, 50], "excluded_lines": [], "start_line": 43}, "verify_project_access": {"executed_lines": [], "summary": {"covered_lines": 0, "num_statements": 4, "percent_covered": 0.0, "percent_covered_display": "0", "missing_lines": 4, "excluded_lines": 0, "percent_statements_covered": 0.0, "percent_statements_covered_display": "0"}, "missing_lines": [57, 58, 59, 62], "excluded_lines": [], "start_line": 53}, "create_api_test_case": {"executed_lines": [], "summary": {"covered_lines": 0, "num_statements": 11, "percent_covered": 0.0, "percent_covered_display": "0", "missing_lines": 11, "excluded_lines": 0, "percent_statements_covered": 0.0, "percent_statements_covered_display": "0"}, "missing_lines": [84, 87, 88, 89, 90, 91, 96, 107, 108, 109, 111], "excluded_lines": [], "start_line": 71}, "list_api_test_cases": {"executed_lines": [], "summary": {"covered_lines": 0, "num_statements": 18, "percent_covered": 0.0, "percent_covered_display": "0", "missing_lines": 18, "excluded_lines": 0, "percent_statements_covered": 0.0, "percent_statements_covered_display": "0"}, "missing_lines": [136, 139, 144, 145, 146, 152, 153, 154, 157, 158, 161, 162, 163, 166, 167, 170, 171, 173], "excluded_lines": [], "start_line": 115}, "get_api_test_case": {"executed_lines": [], "summary": {"covered_lines": 0, "num_statements": 3, "percent_covered": 0.0, "percent_covered_display": "0", "missing_lines": 3, "excluded_lines": 0, "percent_statements_covered": 0.0, "percent_statements_covered_display": "0"}, "missing_lines": [186, 189, 191], "excluded_lines": [], "start_line": 180}, "update_api_test_case": {"executed_lines": [], "summary": {"covered_lines": 0, "num_statements": 19, "percent_covered": 0.0, "percent_covered_display": "0", "missing_lines": 19, "excluded_lines": 0, "percent_statements_covered": 0.0, "percent_statements_covered_display": "0"}, "missing_lines": [202, 205, 208, 211, 212, 213, 215, 216, 217, 218, 219, 220, 225, 226, 227, 229, 231, 232, 234], "excluded_lines": [], "start_line": 195}, "delete_api_test_case": {"executed_lines": [], "summary": {"covered_lines": 0, "num_statements": 5, "percent_covered": 0.0, "percent_covered_display": "0", "missing_lines": 5, "excluded_lines": 0, "percent_statements_covered": 0.0, "percent_statements_covered_display": "0"}, "missing_lines": [244, 247, 250, 251, 253], "excluded_lines": [], "start_line": 238}, "execute_test_case_background": {"executed_lines": [], "summary": {"covered_lines": 0, "num_statements": 20, "percent_covered": 0.0, "percent_covered_display": "0", "missing_lines": 20, "excluded_lines": 0, "percent_statements_covered": 0.0, "percent_statements_covered_display": "0"}, "missing_lines": [273, 274, 275, 278, 286, 287, 288, 290, 292, 293, 298, 299, 300, 301, 302, 304, 306, 307, 308, 309], "excluded_lines": [], "start_line": 261}, "execute_api_test_case": {"executed_lines": [], "summary": {"covered_lines": 0, "num_statements": 8, "percent_covered": 0.0, "percent_covered_display": "0", "missing_lines": 8, "excluded_lines": 0, "percent_statements_covered": 0.0, "percent_statements_covered_display": "0"}, "missing_lines": [327, 330, 333, 340, 341, 342, 345, 349], "excluded_lines": [], "start_line": 313}, "list_test_executions": {"executed_lines": [], "summary": {"covered_lines": 0, "num_statements": 6, "percent_covered": 0.0, "percent_covered_display": "0", "missing_lines": 6, "excluded_lines": 0, "percent_statements_covered": 0.0, "percent_statements_covered_display": "0"}, "missing_lines": [362, 365, 368, 375, 376, 378], "excluded_lines": [], "start_line": 355}, "get_execution_detail": {"executed_lines": [], "summary": {"covered_lines": 0, "num_statements": 7, "percent_covered": 0.0, "percent_covered_display": "0", "missing_lines": 7, "excluded_lines": 0, "percent_statements_covered": 0.0, "percent_statements_covered_display": "0"}, "missing_lines": [388, 389, 390, 395, 396, 397, 399], "excluded_lines": [], "start_line": 382}, "get_execution_step_results": {"executed_lines": [], "summary": {"covered_lines": 0, "num_statements": 10, "percent_covered": 0.0, "percent_covered_display": "0", "missing_lines": 10, "excluded_lines": 0, "percent_statements_covered": 0.0, "percent_statements_covered_display": "0"}, "missing_lines": [411, 412, 413, 418, 419, 420, 423, 429, 430, 432], "excluded_lines": [], "start_line": 405}, "validate_test_case_yaml": {"executed_lines": [], "summary": {"covered_lines": 0, "num_statements": 5, "percent_covered": 0.0, "percent_covered_display": "0", "missing_lines": 5, "excluded_lines": 0, "percent_statements_covered": 0.0, "percent_statements_covered_display": "0"}, "missing_lines": [445, 446, 448, 449, 451], "excluded_lines": [], "start_line": 441}, "import_from_yaml": {"executed_lines": [], "summary": {"covered_lines": 0, "num_statements": 16, "percent_covered": 0.0, "percent_covered_display": "0", "missing_lines": 16, "excluded_lines": 0, "percent_statements_covered": 0.0, "percent_statements_covered_display": "0"}, "missing_lines": [465, 468, 469, 470, 473, 475, 476, 477, 478, 479, 480, 483, 492, 493, 494, 496], "excluded_lines": [], "start_line": 457}, "": {"executed_lines": [5, 7, 8, 9, 10, 12, 13, 14, 15, 16, 17, 30, 31, 32, 33, 35, 43, 53, 70, 71, 114, 115, 179, 180, 194, 195, 237, 238, 261, 312, 313, 352, 355, 381, 382, 402, 405, 440, 441, 454, 457], "summary": {"covered_lines": 41, "num_statements": 41, "percent_covered": 100.0, "percent_covered_display": "100", "missing_lines": 0, "excluded_lines": 0, "percent_statements_covered": 100.0, "percent_statements_covered_display": "100"}, "missing_lines": [], "excluded_lines": [], "start_line": 1}}, "classes": {"": {"executed_lines": [5, 7, 8, 9, 10, 12, 13, 14, 15, 16, 17, 30, 31, 32, 33, 35, 43, 53, 70, 71, 114, 115, 179, 180, 194, 195, 237, 238, 261, 312, 313, 352, 355, 381, 382, 402, 405, 440, 441, 454, 457], "summary": {"covered_lines": 41, "num_statements": 177, "percent_covered": 23.163841807909606, "percent_covered_display": "23", "missing_lines": 136, "excluded_lines": 0, "percent_statements_covered": 23.163841807909606, "percent_statements_covered_display": "23"}, "missing_lines": [45, 46, 47, 50, 57, 58, 59, 62, 84, 87, 88, 89, 90, 91, 96, 107, 108, 109, 111, 136, 139, 144, 145, 146, 152, 153, 154, 157, 158, 161, 162, 163, 166, 167, 170, 171, 173, 186, 189, 191, 202, 205, 208, 211, 212, 213, 215, 216, 217, 218, 219, 220, 225, 226, 227, 229, 231, 232, 234, 244, 247, 250, 251, 253, 273, 274, 275, 278, 286, 287, 288, 290, 292, 293, 298, 299, 300, 301, 302, 304, 306, 307, 308, 309, 327, 330, 333, 340, 341, 342, 345, 349, 362, 365, 368, 375, 376, 378, 388, 389, 390, 395, 396, 397, 399, 411, 412, 413, 418, 419, 420, 423, 429, 430, 432, 445, 446, 448, 449, 451, 465, 468, 469, 470, 473, 475, 476, 477, 478, 479, 480, 483, 492, 493, 494, 496], "excluded_lines": [], "start_line": 1}}}, "app/api/v1/endpoints/auth.py": {"executed_lines": [3, 4, 5, 6, 7, 9, 10, 11, 12, 17, 18, 20, 23, 24, 26, 32, 33, 36, 70, 71, 73, 97, 98, 100, 112, 113, 115, 116, 127, 128, 130, 131, 241, 242, 244, 245, 260, 261, 263, 264], "summary": {"covered_lines": 40, "num_statements": 155, "percent_covered": 25.806451612903224, "percent_covered_display": "26", "missing_lines": 115, "excluded_lines": 0, "percent_statements_covered": 25.806451612903224, "percent_statements_covered_display": "26"}, "missing_lines": [25, 37, 38, 39, 42, 43, 44, 45, 48, 51, 52, 53, 56, 58, 74, 76, 77, 79, 80, 83, 85, 119, 124, 133, 135, 144, 146, 147, 149, 152, 153, 156, 160, 163, 164, 167, 168, 169, 170, 174, 175, 176, 177, 183, 184, 185, 187, 190, 193, 195, 197, 198, 200, 202, 203, 204, 205, 208, 210, 211, 212, 213, 214, 215, 216, 217, 219, 226, 228, 229, 232, 235, 248, 250, 257, 266, 268, 270, 280, 282, 283, 285, 288, 289, 292, 296, 299, 300, 302, 303, 306, 309, 311, 313, 314, 316, 318, 319, 320, 321, 324, 326, 327, 328, 329, 330, 331, 332, 333, 335, 342, 344, 345, 348, 351], "excluded_lines": [], "functions": {"_user_id_or_raise": {"executed_lines": [24, 26], "summary": {"covered_lines": 2, "num_statements": 3, "percent_covered": 66.66666666666667, "percent_covered_display": "67", "missing_lines": 1, "excluded_lines": 0, "percent_statements_covered": 66.66666666666667, "percent_statements_covered_display": "67"}, "missing_lines": [25], "excluded_lines": [], "start_line": 23}, "register": {"executed_lines": [36], "summary": {"covered_lines": 1, "num_statements": 14, "percent_covered": 7.142857142857143, "percent_covered_display": "7", "missing_lines": 13, "excluded_lines": 0, "percent_statements_covered": 7.142857142857143, "percent_statements_covered_display": "7"}, "missing_lines": [37, 38, 39, 42, 43, 44, 45, 48, 51, 52, 53, 56, 58], "excluded_lines": [], "start_line": 33}, "login": {"executed_lines": [73], "summary": {"covered_lines": 1, "num_statements": 8, "percent_covered": 12.5, "percent_covered_display": "12", "missing_lines": 7, "excluded_lines": 0, "percent_statements_covered": 12.5, "percent_statements_covered_display": "12"}, "missing_lines": [74, 76, 77, 79, 80, 83, 85], "excluded_lines": [], "start_line": 71}, "get_me": {"executed_lines": [100], "summary": {"covered_lines": 1, "num_statements": 1, "percent_covered": 100.0, "percent_covered_display": "100", "missing_lines": 0, "excluded_lines": 0, "percent_statements_covered": 100.0, "percent_statements_covered_display": "100"}, "missing_lines": [], "excluded_lines": [], "start_line": 98}, "github_login": {"executed_lines": [115, 116], "summary": {"covered_lines": 2, "num_statements": 4, "percent_covered": 50.0, "percent_covered_display": "50", "missing_lines": 2, "excluded_lines": 0, "percent_statements_covered": 50.0, "percent_statements_covered_display": "50"}, "missing_lines": [119, 124], "excluded_lines": [], "start_line": 113}, "github_callback": {"executed_lines": [130, 131], "summary": {"covered_lines": 2, "num_statements": 51, "percent_covered": 3.9215686274509802, "percent_covered_display": "4", "missing_lines": 49, "excluded_lines": 0, "percent_statements_covered": 3.9215686274509802, "percent_statements_covered_display": "4"}, "missing_lines": [133, 135, 144, 146, 147, 149, 152, 153, 156, 160, 163, 164, 167, 168, 169, 170, 174, 175, 176, 177, 183, 184, 185, 187, 190, 193, 195, 197, 198, 200, 202, 203, 204, 205, 208, 210, 211, 212, 213, 214, 215, 216, 217, 219, 226, 228, 229, 232, 235], "excluded_lines": [], "start_line": 128}, "google_login": {"executed_lines": [244, 245], "summary": {"covered_lines": 2, "num_statements": 5, "percent_covered": 40.0, "percent_covered_display": "40", "missing_lines": 3, "excluded_lines": 0, "percent_statements_covered": 40.0, "percent_statements_covered_display": "40"}, "missing_lines": [248, 250, 257], "excluded_lines": [], "start_line": 242}, "google_callback": {"executed_lines": [263, 264], "summary": {"covered_lines": 2, "num_statements": 42, "percent_covered": 4.761904761904762, "percent_covered_display": "5", "missing_lines": 40, "excluded_lines": 0, "percent_statements_covered": 4.761904761904762, "percent_statements_covered_display": "5"}, "missing_lines": [266, 268, 270, 280, 282, 283, 285, 288, 289, 292, 296, 299, 300, 302, 303, 306, 309, 311, 313, 314, 316, 318, 319, 320, 321, 324, 326, 327, 328, 329, 330, 331, 332, 333, 335, 342, 344, 345, 348, 351], "excluded_lines": [], "start_line": 261}, "": {"executed_lines": [3, 4, 5, 6, 7, 9, 10, 11, 12, 17, 18, 20, 23, 32, 33, 70, 71, 97, 98, 112, 113, 127, 128, 241, 242, 260, 261], "summary": {"covered_lines": 27, "num_statements": 27, "percent_covered": 100.0, "percent_covered_display": "100", "missing_lines": 0, "excluded_lines": 0, "percent_statements_covered": 100.0, "percent_statements_covered_display": "100"}, "missing_lines": [], "excluded_lines": [], "start_line": 1}}, "classes": {"": {"executed_lines": [3, 4, 5, 6, 7, 9, 10, 11, 12, 17, 18, 20, 23, 24, 26, 32, 33, 36, 70, 71, 73, 97, 98, 100, 112, 113, 115, 116, 127, 128, 130, 131, 241, 242, 244, 245, 260, 261, 263, 264], "summary": {"covered_lines": 40, "num_statements": 155, "percent_covered": 25.806451612903224, "percent_covered_display": "26", "missing_lines": 115, "excluded_lines": 0, "percent_statements_covered": 25.806451612903224, "percent_statements_covered_display": "26"}, "missing_lines": [25, 37, 38, 39, 42, 43, 44, 45, 48, 51, 52, 53, 56, 58, 74, 76, 77, 79, 80, 83, 85, 119, 124, 133, 135, 144, 146, 147, 149, 152, 153, 156, 160, 163, 164, 167, 168, 169, 170, 174, 175, 176, 177, 183, 184, 185, 187, 190, 193, 195, 197, 198, 200, 202, 203, 204, 205, 208, 210, 211, 212, 213, 214, 215, 216, 217, 219, 226, 228, 229, 232, 235, 248, 250, 257, 266, 268, 270, 280, 282, 283, 285, 288, 289, 292, 296, 299, 300, 302, 303, 306, 309, 311, 313, 314, 316, 318, 319, 320, 321, 324, 326, 327, 328, 329, 330, 331, 332, 333, 335, 342, 344, 345, 348, 351], "excluded_lines": [], "start_line": 1}}}, "app/api/v1/endpoints/case_generation.py": {"executed_lines": [6, 7, 8, 10, 11, 12, 13, 14, 20, 22, 25, 26, 64, 65, 106, 107, 146, 147, 171, 172], "summary": {"covered_lines": 20, "num_statements": 51, "percent_covered": 39.21568627450981, "percent_covered_display": "39", "missing_lines": 31, "excluded_lines": 0, "percent_statements_covered": 39.21568627450981, "percent_statements_covered_display": "39"}, "missing_lines": [45, 47, 50, 52, 56, 57, 58, 59, 75, 80, 82, 117, 120, 122, 123, 125, 157, 160, 162, 163, 165, 166, 168, 182, 185, 187, 188, 191, 192, 193, 195], "excluded_lines": [], "functions": {"generate_test_cases": {"executed_lines": [], "summary": {"covered_lines": 0, "num_statements": 8, "percent_covered": 0.0, "percent_covered_display": "0", "missing_lines": 8, "excluded_lines": 0, "percent_statements_covered": 0.0, "percent_statements_covered_display": "0"}, "missing_lines": [45, 47, 50, 52, 56, 57, 58, 59], "excluded_lines": [], "start_line": 26}, "get_test_cases_by_requirement": {"executed_lines": [], "summary": {"covered_lines": 0, "num_statements": 3, "percent_covered": 0.0, "percent_covered_display": "0", "missing_lines": 3, "excluded_lines": 0, "percent_statements_covered": 0.0, "percent_statements_covered_display": "0"}, "missing_lines": [75, 80, 82], "excluded_lines": [], "start_line": 65}, "get_test_case": {"executed_lines": [], "summary": {"covered_lines": 0, "num_statements": 5, "percent_covered": 0.0, "percent_covered_display": "0", "missing_lines": 5, "excluded_lines": 0, "percent_statements_covered": 0.0, "percent_statements_covered_display": "0"}, "missing_lines": [117, 120, 122, 123, 125], "excluded_lines": [], "start_line": 107}, "delete_test_case": {"executed_lines": [], "summary": {"covered_lines": 0, "num_statements": 7, "percent_covered": 0.0, "percent_covered_display": "0", "missing_lines": 7, "excluded_lines": 0, "percent_statements_covered": 0.0, "percent_statements_covered_display": "0"}, "missing_lines": [157, 160, 162, 163, 165, 166, 168], "excluded_lines": [], "start_line": 147}, "approve_test_case": {"executed_lines": [], "summary": {"covered_lines": 0, "num_statements": 8, "percent_covered": 0.0, "percent_covered_display": "0", "missing_lines": 8, "excluded_lines": 0, "percent_statements_covered": 0.0, "percent_statements_covered_display": "0"}, "missing_lines": [182, 185, 187, 188, 191, 192, 193, 195], "excluded_lines": [], "start_line": 172}, "": {"executed_lines": [6, 7, 8, 10, 11, 12, 13, 14, 20, 22, 25, 26, 64, 65, 106, 107, 146, 147, 171, 172], "summary": {"covered_lines": 20, "num_statements": 20, "percent_covered": 100.0, "percent_covered_display": "100", "missing_lines": 0, "excluded_lines": 0, "percent_statements_covered": 100.0, "percent_statements_covered_display": "100"}, "missing_lines": [], "excluded_lines": [], "start_line": 1}}, "classes": {"": {"executed_lines": [6, 7, 8, 10, 11, 12, 13, 14, 20, 22, 25, 26, 64, 65, 106, 107, 146, 147, 171, 172], "summary": {"covered_lines": 20, "num_statements": 51, "percent_covered": 39.21568627450981, "percent_covered_display": "39", "missing_lines": 31, "excluded_lines": 0, "percent_statements_covered": 39.21568627450981, "percent_statements_covered_display": "39"}, "missing_lines": [45, 47, 50, 52, 56, 57, 58, 59, 75, 80, 82, 117, 120, 122, 123, 125, 157, 160, 162, 163, 165, 166, 168, 182, 185, 187, 188, 191, 192, 193, 195], "excluded_lines": [], "start_line": 1}}}, "app/api/v1/endpoints/dashboard.py": {"executed_lines": [1, 3, 4, 5, 7, 8, 9, 17, 20, 21, 56, 57, 74, 75], "summary": {"covered_lines": 14, "num_statements": 43, "percent_covered": 32.55813953488372, "percent_covered_display": "33", "missing_lines": 29, "excluded_lines": 0, "percent_statements_covered": 32.55813953488372, "percent_statements_covered_display": "33"}, "missing_lines": [24, 25, 28, 29, 32, 35, 38, 40, 41, 43, 46, 48, 61, 71, 78, 79, 80, 82, 83, 85, 86, 87, 88, 89, 91, 93, 94, 95, 105], "excluded_lines": [], "functions": {"get_dashboard_stats": {"executed_lines": [], "summary": {"covered_lines": 0, "num_statements": 12, "percent_covered": 0.0, "percent_covered_display": "0", "missing_lines": 12, "excluded_lines": 0, "percent_statements_covered": 0.0, "percent_statements_covered_display": "0"}, "missing_lines": [24, 25, 28, 29, 32, 35, 38, 40, 41, 43, 46, 48], "excluded_lines": [], "start_line": 21}, "get_test_trend": {"executed_lines": [], "summary": {"covered_lines": 0, "num_statements": 2, "percent_covered": 0.0, "percent_covered_display": "0", "missing_lines": 2, "excluded_lines": 0, "percent_statements_covered": 0.0, "percent_statements_covered_display": "0"}, "missing_lines": [61, 71], "excluded_lines": [], "start_line": 57}, "get_recent_activities": {"executed_lines": [], "summary": {"covered_lines": 0, "num_statements": 15, "percent_covered": 0.0, "percent_covered_display": "0", "missing_lines": 15, "excluded_lines": 0, "percent_statements_covered": 0.0, "percent_statements_covered_display": "0"}, "missing_lines": [78, 79, 80, 82, 83, 85, 86, 87, 88, 89, 91, 93, 94, 95, 105], "excluded_lines": [], "start_line": 75}, "": {"executed_lines": [1, 3, 4, 5, 7, 8, 9, 17, 20, 21, 56, 57, 74, 75], "summary": {"covered_lines": 14, "num_statements": 14, "percent_covered": 100.0, "percent_covered_display": "100", "missing_lines": 0, "excluded_lines": 0, "percent_statements_covered": 100.0, "percent_statements_covered_display": "100"}, "missing_lines": [], "excluded_lines": [], "start_line": 1}}, "classes": {"": {"executed_lines": [1, 3, 4, 5, 7, 8, 9, 17, 20, 21, 56, 57, 74, 75], "summary": {"covered_lines": 14, "num_statements": 43, "percent_covered": 32.55813953488372, "percent_covered_display": "33", "missing_lines": 29, "excluded_lines": 0, "percent_statements_covered": 32.55813953488372, "percent_statements_covered_display": "33"}, "missing_lines": [24, 25, 28, 29, 32, 35, 38, 40, 41, 43, 46, 48, 61, 71, 78, 79, 80, 82, 83, 85, 86, 87, 88, 89, 91, 93, 94, 95, 105], "excluded_lines": [], "start_line": 1}}}, "app/api/v1/endpoints/database_configs.py": {"executed_lines": [6, 7, 9, 10, 11, 12, 13, 15, 16, 17, 18, 19, 20, 21, 27, 29, 32, 48, 50, 52, 53, 55, 86, 87, 88, 91, 92, 112, 113, 117, 119, 120, 123, 124, 161, 166, 188, 189, 193, 203, 206, 220, 221, 245, 246, 264, 289, 290, 313, 364, 365, 382, 390, 391, 411], "summary": {"covered_lines": 55, "num_statements": 120, "percent_covered": 45.833333333333336, "percent_covered_display": "46", "missing_lines": 65, "excluded_lines": 0, "percent_statements_covered": 45.833333333333336, "percent_statements_covered_display": "46"}, "missing_lines": [63, 64, 65, 67, 69, 71, 79, 80, 81, 84, 114, 125, 128, 129, 130, 131, 134, 137, 138, 139, 156, 158, 190, 194, 198, 199, 200, 222, 225, 242, 265, 266, 269, 286, 314, 315, 318, 319, 324, 325, 326, 329, 332, 333, 335, 336, 338, 339, 340, 341, 344, 361, 383, 384, 386, 387, 412, 413, 416, 419, 429, 430, 431, 432, 434], "excluded_lines": [], "functions": {"test_database_connection": {"executed_lines": [48, 50, 52, 53, 55, 86, 87, 88], "summary": {"covered_lines": 8, "num_statements": 18, "percent_covered": 44.44444444444444, "percent_covered_display": "44", "missing_lines": 10, "excluded_lines": 0, "percent_statements_covered": 44.44444444444444, "percent_statements_covered_display": "44"}, "missing_lines": [63, 64, 65, 67, 69, 71, 79, 80, 81, 84], "excluded_lines": [], "start_line": 32}, "list_database_configs": {"executed_lines": [112, 113, 117, 119, 120, 123, 124], "summary": {"covered_lines": 7, "num_statements": 19, "percent_covered": 36.8421052631579, "percent_covered_display": "37", "missing_lines": 12, "excluded_lines": 0, "percent_statements_covered": 36.8421052631579, "percent_statements_covered_display": "37"}, "missing_lines": [114, 125, 128, 129, 130, 131, 134, 137, 138, 139, 156, 158], "excluded_lines": [], "start_line": 92}, "create_database_config": {"executed_lines": [188, 189, 193, 203, 206, 220, 221], "summary": {"covered_lines": 7, "num_statements": 15, "percent_covered": 46.666666666666664, "percent_covered_display": "47", "missing_lines": 8, "excluded_lines": 0, "percent_statements_covered": 46.666666666666664, "percent_statements_covered_display": "47"}, "missing_lines": [190, 194, 198, 199, 200, 222, 225, 242], "excluded_lines": [], "start_line": 166}, "get_database_config": {"executed_lines": [264], "summary": {"covered_lines": 1, "num_statements": 5, "percent_covered": 20.0, "percent_covered_display": "20", "missing_lines": 4, "excluded_lines": 0, "percent_statements_covered": 20.0, "percent_statements_covered_display": "20"}, "missing_lines": [265, 266, 269, 286], "excluded_lines": [], "start_line": 246}, "update_database_config": {"executed_lines": [313], "summary": {"covered_lines": 1, "num_statements": 19, "percent_covered": 5.2631578947368425, "percent_covered_display": "5", "missing_lines": 18, "excluded_lines": 0, "percent_statements_covered": 5.2631578947368425, "percent_statements_covered_display": "5"}, "missing_lines": [314, 315, 318, 319, 324, 325, 326, 329, 332, 333, 335, 336, 338, 339, 340, 341, 344, 361], "excluded_lines": [], "start_line": 290}, "delete_database_config": {"executed_lines": [382], "summary": {"covered_lines": 1, "num_statements": 5, "percent_covered": 20.0, "percent_covered_display": "20", "missing_lines": 4, "excluded_lines": 0, "percent_statements_covered": 20.0, "percent_statements_covered_display": "20"}, "missing_lines": [383, 384, 386, 387], "excluded_lines": [], "start_line": 365}, "test_database_connection_endpoint": {"executed_lines": [411], "summary": {"covered_lines": 1, "num_statements": 10, "percent_covered": 10.0, "percent_covered_display": "10", "missing_lines": 9, "excluded_lines": 0, "percent_statements_covered": 10.0, "percent_statements_covered_display": "10"}, "missing_lines": [412, 413, 416, 419, 429, 430, 431, 432, 434], "excluded_lines": [], "start_line": 391}, "": {"executed_lines": [6, 7, 9, 10, 11, 12, 13, 15, 16, 17, 18, 19, 20, 21, 27, 29, 32, 91, 92, 161, 166, 245, 246, 289, 290, 364, 365, 390, 391], "summary": {"covered_lines": 29, "num_statements": 29, "percent_covered": 100.0, "percent_covered_display": "100", "missing_lines": 0, "excluded_lines": 0, "percent_statements_covered": 100.0, "percent_statements_covered_display": "100"}, "missing_lines": [], "excluded_lines": [], "start_line": 1}}, "classes": {"": {"executed_lines": [6, 7, 9, 10, 11, 12, 13, 15, 16, 17, 18, 19, 20, 21, 27, 29, 32, 48, 50, 52, 53, 55, 86, 87, 88, 91, 92, 112, 113, 117, 119, 120, 123, 124, 161, 166, 188, 189, 193, 203, 206, 220, 221, 245, 246, 264, 289, 290, 313, 364, 365, 382, 390, 391, 411], "summary": {"covered_lines": 55, "num_statements": 120, "percent_covered": 45.833333333333336, "percent_covered_display": "46", "missing_lines": 65, "excluded_lines": 0, "percent_statements_covered": 45.833333333333336, "percent_statements_covered_display": "46"}, "missing_lines": [63, 64, 65, 67, 69, 71, 79, 80, 81, 84, 114, 125, 128, 129, 130, 131, 134, 137, 138, 139, 156, 158, 190, 194, 198, 199, 200, 222, 225, 242, 265, 266, 269, 286, 314, 315, 318, 319, 324, 325, 326, 329, 332, 333, 335, 336, 338, 339, 340, 341, 344, 361, 383, 384, 386, 387, 412, 413, 416, 419, 429, 430, 431, 432, 434], "excluded_lines": [], "start_line": 1}}}, "app/api/v1/endpoints/documents.py": {"executed_lines": [5, 7, 8, 9, 11, 12, 13, 14, 16, 19, 20, 51, 52, 78, 79, 88, 89, 97, 98, 135, 136, 147, 148, 158, 159, 198, 199], "summary": {"covered_lines": 27, "num_statements": 110, "percent_covered": 24.545454545454547, "percent_covered_display": "25", "missing_lines": 83, "excluded_lines": 0, "percent_statements_covered": 24.545454545454547, "percent_statements_covered_display": "25"}, "missing_lines": [28, 29, 30, 32, 33, 34, 36, 37, 38, 40, 41, 44, 46, 58, 59, 60, 62, 63, 66, 67, 69, 70, 71, 73, 75, 81, 82, 83, 84, 85, 91, 92, 93, 94, 105, 106, 107, 110, 112, 115, 117, 123, 125, 126, 127, 129, 130, 131, 132, 138, 139, 140, 142, 143, 144, 150, 155, 163, 164, 165, 167, 170, 171, 173, 174, 177, 180, 182, 188, 191, 192, 194, 195, 207, 208, 209, 211, 212, 215, 216, 217, 218, 227], "excluded_lines": [], "functions": {"list_documents": {"executed_lines": [], "summary": {"covered_lines": 0, "num_statements": 13, "percent_covered": 0.0, "percent_covered_display": "0", "missing_lines": 13, "excluded_lines": 0, "percent_statements_covered": 0.0, "percent_statements_covered_display": "0"}, "missing_lines": [28, 29, 30, 32, 33, 34, 36, 37, 38, 40, 41, 44, 46], "excluded_lines": [], "start_line": 20}, "get_document_tree": {"executed_lines": [], "summary": {"covered_lines": 0, "num_statements": 12, "percent_covered": 0.0, "percent_covered_display": "0", "missing_lines": 12, "excluded_lines": 0, "percent_statements_covered": 0.0, "percent_statements_covered_display": "0"}, "missing_lines": [58, 59, 60, 62, 63, 66, 67, 69, 70, 71, 73, 75], "excluded_lines": [], "start_line": 52}, "create_document": {"executed_lines": [], "summary": {"covered_lines": 0, "num_statements": 5, "percent_covered": 0.0, "percent_covered_display": "0", "missing_lines": 5, "excluded_lines": 0, "percent_statements_covered": 0.0, "percent_statements_covered_display": "0"}, "missing_lines": [81, 82, 83, 84, 85], "excluded_lines": [], "start_line": 79}, "get_document": {"executed_lines": [], "summary": {"covered_lines": 0, "num_statements": 4, "percent_covered": 0.0, "percent_covered_display": "0", "missing_lines": 4, "excluded_lines": 0, "percent_statements_covered": 0.0, "percent_statements_covered_display": "0"}, "missing_lines": [91, 92, 93, 94], "excluded_lines": [], "start_line": 89}, "update_document": {"executed_lines": [], "summary": {"covered_lines": 0, "num_statements": 15, "percent_covered": 0.0, "percent_covered_display": "0", "missing_lines": 15, "excluded_lines": 0, "percent_statements_covered": 0.0, "percent_statements_covered_display": "0"}, "missing_lines": [105, 106, 107, 110, 112, 115, 117, 123, 125, 126, 127, 129, 130, 131, 132], "excluded_lines": [], "start_line": 98}, "delete_document": {"executed_lines": [], "summary": {"covered_lines": 0, "num_statements": 6, "percent_covered": 0.0, "percent_covered_display": "0", "missing_lines": 6, "excluded_lines": 0, "percent_statements_covered": 0.0, "percent_statements_covered_display": "0"}, "missing_lines": [138, 139, 140, 142, 143, 144], "excluded_lines": [], "start_line": 136}, "get_document_versions": {"executed_lines": [], "summary": {"covered_lines": 0, "num_statements": 2, "percent_covered": 0.0, "percent_covered_display": "0", "missing_lines": 2, "excluded_lines": 0, "percent_statements_covered": 0.0, "percent_statements_covered_display": "0"}, "missing_lines": [150, 155], "excluded_lines": [], "start_line": 148}, "restore_document_version": {"executed_lines": [], "summary": {"covered_lines": 0, "num_statements": 16, "percent_covered": 0.0, "percent_covered_display": "0", "missing_lines": 16, "excluded_lines": 0, "percent_statements_covered": 0.0, "percent_statements_covered_display": "0"}, "missing_lines": [163, 164, 165, 167, 170, 171, 173, 174, 177, 180, 182, 188, 191, 192, 194, 195], "excluded_lines": [], "start_line": 159}, "ai_search_documents": {"executed_lines": [], "summary": {"covered_lines": 0, "num_statements": 10, "percent_covered": 0.0, "percent_covered_display": "0", "missing_lines": 10, "excluded_lines": 0, "percent_statements_covered": 0.0, "percent_statements_covered_display": "0"}, "missing_lines": [207, 208, 209, 211, 212, 215, 216, 217, 218, 227], "excluded_lines": [], "start_line": 199}, "": {"executed_lines": [5, 7, 8, 9, 11, 12, 13, 14, 16, 19, 20, 51, 52, 78, 79, 88, 89, 97, 98, 135, 136, 147, 148, 158, 159, 198, 199], "summary": {"covered_lines": 27, "num_statements": 27, "percent_covered": 100.0, "percent_covered_display": "100", "missing_lines": 0, "excluded_lines": 0, "percent_statements_covered": 100.0, "percent_statements_covered_display": "100"}, "missing_lines": [], "excluded_lines": [], "start_line": 1}}, "classes": {"": {"executed_lines": [5, 7, 8, 9, 11, 12, 13, 14, 16, 19, 20, 51, 52, 78, 79, 88, 89, 97, 98, 135, 136, 147, 148, 158, 159, 198, 199], "summary": {"covered_lines": 27, "num_statements": 110, "percent_covered": 24.545454545454547, "percent_covered_display": "25", "missing_lines": 83, "excluded_lines": 0, "percent_statements_covered": 24.545454545454547, "percent_statements_covered_display": "25"}, "missing_lines": [28, 29, 30, 32, 33, 34, 36, 37, 38, 40, 41, 44, 46, 58, 59, 60, 62, 63, 66, 67, 69, 70, 71, 73, 75, 81, 82, 83, 84, 85, 91, 92, 93, 94, 105, 106, 107, 110, 112, 115, 117, 123, 125, 126, 127, 129, 130, 131, 132, 138, 139, 140, 142, 143, 144, 150, 155, 163, 164, 165, 167, 170, 171, 173, 174, 177, 180, 182, 188, 191, 192, 194, 195, 207, 208, 209, 211, 212, 215, 216, 217, 218, 227], "excluded_lines": [], "start_line": 1}}}, "app/api/v1/endpoints/engine.py": {"executed_lines": [5, 6, 7, 8, 10, 11, 12, 14, 15, 18, 21, 22, 23, 26, 29, 30, 31, 34, 35, 92, 93], "summary": {"covered_lines": 21, "num_statements": 59, "percent_covered": 35.59322033898305, "percent_covered_display": "36", "missing_lines": 38, "excluded_lines": 0, "percent_statements_covered": 35.59322033898305, "percent_statements_covered_display": "36"}, "missing_lines": [41, 43, 46, 47, 49, 51, 53, 54, 55, 56, 59, 67, 68, 69, 70, 73, 74, 78, 82, 84, 85, 86, 87, 88, 89, 97, 98, 101, 102, 104, 105, 106, 108, 116, 118, 119, 120, 121], "excluded_lines": [], "functions": {"run_engine": {"executed_lines": [], "summary": {"covered_lines": 0, "num_statements": 25, "percent_covered": 0.0, "percent_covered_display": "0", "missing_lines": 25, "excluded_lines": 0, "percent_statements_covered": 0.0, "percent_statements_covered_display": "0"}, "missing_lines": [41, 43, 46, 47, 49, 51, 53, 54, 55, 56, 59, 67, 68, 69, 70, 73, 74, 78, 82, 84, 85, 86, 87, 88, 89], "excluded_lines": [], "start_line": 35}, "validate_yaml": {"executed_lines": [], "summary": {"covered_lines": 0, "num_statements": 13, "percent_covered": 0.0, "percent_covered_display": "0", "missing_lines": 13, "excluded_lines": 0, "percent_statements_covered": 0.0, "percent_statements_covered_display": "0"}, "missing_lines": [97, 98, 101, 102, 104, 105, 106, 108, 116, 118, 119, 120, 121], "excluded_lines": [], "start_line": 93}, "": {"executed_lines": [5, 6, 7, 8, 10, 11, 12, 14, 15, 18, 21, 22, 23, 26, 29, 30, 31, 34, 35, 92, 93], "summary": {"covered_lines": 21, "num_statements": 21, "percent_covered": 100.0, "percent_covered_display": "100", "missing_lines": 0, "excluded_lines": 0, "percent_statements_covered": 100.0, "percent_statements_covered_display": "100"}, "missing_lines": [], "excluded_lines": [], "start_line": 1}}, "classes": {"RunRequest": {"executed_lines": [], "summary": {"covered_lines": 0, "num_statements": 0, "percent_covered": 100.0, "percent_covered_display": "100", "missing_lines": 0, "excluded_lines": 0, "percent_statements_covered": 100.0, "percent_statements_covered_display": "100"}, "missing_lines": [], "excluded_lines": [], "start_line": 18}, "RunResponse": {"executed_lines": [], "summary": {"covered_lines": 0, "num_statements": 0, "percent_covered": 100.0, "percent_covered_display": "100", "missing_lines": 0, "excluded_lines": 0, "percent_statements_covered": 100.0, "percent_statements_covered_display": "100"}, "missing_lines": [], "excluded_lines": [], "start_line": 26}, "": {"executed_lines": [5, 6, 7, 8, 10, 11, 12, 14, 15, 18, 21, 22, 23, 26, 29, 30, 31, 34, 35, 92, 93], "summary": {"covered_lines": 21, "num_statements": 59, "percent_covered": 35.59322033898305, "percent_covered_display": "36", "missing_lines": 38, "excluded_lines": 0, "percent_statements_covered": 35.59322033898305, "percent_statements_covered_display": "36"}, "missing_lines": [41, 43, 46, 47, 49, 51, 53, 54, 55, 56, 59, 67, 68, 69, 70, 73, 74, 78, 82, 84, 85, 86, 87, 88, 89, 97, 98, 101, 102, 104, 105, 106, 108, 116, 118, 119, 120, 121], "excluded_lines": [], "start_line": 1}}}, "app/api/v1/endpoints/environments.py": {"executed_lines": [3, 5, 6, 7, 9, 10, 11, 19, 21, 24, 25, 38, 41, 45, 46, 65, 67, 71, 103, 104, 126, 127, 188, 189, 215, 216, 277, 278, 296, 297, 299, 302, 303, 307, 310, 314, 342, 343], "summary": {"covered_lines": 38, "num_statements": 114, "percent_covered": 33.333333333333336, "percent_covered_display": "33", "missing_lines": 76, "excluded_lines": 0, "percent_statements_covered": 33.333333333333336, "percent_statements_covered_display": "33"}, "missing_lines": [42, 72, 74, 75, 81, 82, 84, 96, 97, 98, 100, 120, 121, 122, 123, 145, 147, 150, 151, 152, 155, 156, 160, 161, 162, 163, 169, 170, 171, 172, 173, 174, 175, 176, 177, 178, 180, 182, 183, 185, 205, 206, 207, 209, 210, 212, 234, 235, 237, 240, 241, 242, 245, 249, 250, 251, 252, 258, 270, 271, 272, 274, 304, 315, 316, 317, 323, 335, 336, 337, 339, 361, 362, 363, 366, 367], "excluded_lines": [], "functions": {"list_environments": {"executed_lines": [38, 41], "summary": {"covered_lines": 2, "num_statements": 3, "percent_covered": 66.66666666666667, "percent_covered_display": "67", "missing_lines": 1, "excluded_lines": 0, "percent_statements_covered": 66.66666666666667, "percent_statements_covered_display": "67"}, "missing_lines": [42], "excluded_lines": [], "start_line": 25}, "create_environment": {"executed_lines": [65, 67, 71], "summary": {"covered_lines": 3, "num_statements": 13, "percent_covered": 23.076923076923077, "percent_covered_display": "23", "missing_lines": 10, "excluded_lines": 0, "percent_statements_covered": 23.076923076923077, "percent_statements_covered_display": "23"}, "missing_lines": [72, 74, 75, 81, 82, 84, 96, 97, 98, 100], "excluded_lines": [], "start_line": 46}, "get_environment": {"executed_lines": [], "summary": {"covered_lines": 0, "num_statements": 4, "percent_covered": 0.0, "percent_covered_display": "0", "missing_lines": 4, "excluded_lines": 0, "percent_statements_covered": 0.0, "percent_statements_covered_display": "0"}, "missing_lines": [120, 121, 122, 123], "excluded_lines": [], "start_line": 104}, "update_environment": {"executed_lines": [], "summary": {"covered_lines": 0, "num_statements": 25, "percent_covered": 0.0, "percent_covered_display": "0", "missing_lines": 25, "excluded_lines": 0, "percent_statements_covered": 0.0, "percent_statements_covered_display": "0"}, "missing_lines": [145, 147, 150, 151, 152, 155, 156, 160, 161, 162, 163, 169, 170, 171, 172, 173, 174, 175, 176, 177, 178, 180, 182, 183, 185], "excluded_lines": [], "start_line": 127}, "delete_environment": {"executed_lines": [], "summary": {"covered_lines": 0, "num_statements": 6, "percent_covered": 0.0, "percent_covered_display": "0", "missing_lines": 6, "excluded_lines": 0, "percent_statements_covered": 0.0, "percent_statements_covered_display": "0"}, "missing_lines": [205, 206, 207, 209, 210, 212], "excluded_lines": [], "start_line": 189}, "copy_environment": {"executed_lines": [], "summary": {"covered_lines": 0, "num_statements": 16, "percent_covered": 0.0, "percent_covered_display": "0", "missing_lines": 16, "excluded_lines": 0, "percent_statements_covered": 0.0, "percent_statements_covered_display": "0"}, "missing_lines": [234, 235, 237, 240, 241, 242, 245, 249, 250, 251, 252, 258, 270, 271, 272, 274], "excluded_lines": [], "start_line": 216}, "clone_environment": {"executed_lines": [296, 297, 299, 302, 303, 307, 310, 314], "summary": {"covered_lines": 8, "num_statements": 17, "percent_covered": 47.05882352941177, "percent_covered_display": "47", "missing_lines": 9, "excluded_lines": 0, "percent_statements_covered": 47.05882352941177, "percent_statements_covered_display": "47"}, "missing_lines": [304, 315, 316, 317, 323, 335, 336, 337, 339], "excluded_lines": [], "start_line": 278}, "replace_variables": {"executed_lines": [], "summary": {"covered_lines": 0, "num_statements": 5, "percent_covered": 0.0, "percent_covered_display": "0", "missing_lines": 5, "excluded_lines": 0, "percent_statements_covered": 0.0, "percent_statements_covered_display": "0"}, "missing_lines": [361, 362, 363, 366, 367], "excluded_lines": [], "start_line": 343}, "": {"executed_lines": [3, 5, 6, 7, 9, 10, 11, 19, 21, 24, 25, 45, 46, 103, 104, 126, 127, 188, 189, 215, 216, 277, 278, 342, 343], "summary": {"covered_lines": 25, "num_statements": 25, "percent_covered": 100.0, "percent_covered_display": "100", "missing_lines": 0, "excluded_lines": 0, "percent_statements_covered": 100.0, "percent_statements_covered_display": "100"}, "missing_lines": [], "excluded_lines": [], "start_line": 1}}, "classes": {"": {"executed_lines": [3, 5, 6, 7, 9, 10, 11, 19, 21, 24, 25, 38, 41, 45, 46, 65, 67, 71, 103, 104, 126, 127, 188, 189, 215, 216, 277, 278, 296, 297, 299, 302, 303, 307, 310, 314, 342, 343], "summary": {"covered_lines": 38, "num_statements": 114, "percent_covered": 33.333333333333336, "percent_covered_display": "33", "missing_lines": 76, "excluded_lines": 0, "percent_statements_covered": 33.333333333333336, "percent_statements_covered_display": "33"}, "missing_lines": [42, 72, 74, 75, 81, 82, 84, 96, 97, 98, 100, 120, 121, 122, 123, 145, 147, 150, 151, 152, 155, 156, 160, 161, 162, 163, 169, 170, 171, 172, 173, 174, 175, 176, 177, 178, 180, 182, 183, 185, 205, 206, 207, 209, 210, 212, 234, 235, 237, 240, 241, 242, 245, 249, 250, 251, 252, 258, 270, 271, 272, 274, 304, 315, 316, 317, 323, 335, 336, 337, 339, 361, 362, 363, 366, 367], "excluded_lines": [], "start_line": 1}}}, "app/api/v1/endpoints/execution.py": {"executed_lines": [5, 6, 7, 9, 10, 11, 13, 14, 17, 20, 23, 26, 27, 28, 29, 30, 31, 34, 35], "summary": {"covered_lines": 19, "num_statements": 26, "percent_covered": 73.07692307692308, "percent_covered_display": "73", "missing_lines": 7, "excluded_lines": 0, "percent_statements_covered": 73.07692307692308, "percent_statements_covered_display": "73"}, "missing_lines": [49, 50, 52, 61, 62, 63, 64], "excluded_lines": [], "functions": {"execute_test_case": {"executed_lines": [], "summary": {"covered_lines": 0, "num_statements": 7, "percent_covered": 0.0, "percent_covered_display": "0", "missing_lines": 7, "excluded_lines": 0, "percent_statements_covered": 0.0, "percent_statements_covered_display": "0"}, "missing_lines": [49, 50, 52, 61, 62, 63, 64], "excluded_lines": [], "start_line": 35}, "": {"executed_lines": [5, 6, 7, 9, 10, 11, 13, 14, 17, 20, 23, 26, 27, 28, 29, 30, 31, 34, 35], "summary": {"covered_lines": 19, "num_statements": 19, "percent_covered": 100.0, "percent_covered_display": "100", "missing_lines": 0, "excluded_lines": 0, "percent_statements_covered": 100.0, "percent_statements_covered_display": "100"}, "missing_lines": [], "excluded_lines": [], "start_line": 1}}, "classes": {"ExecuteRequest": {"executed_lines": [], "summary": {"covered_lines": 0, "num_statements": 0, "percent_covered": 100.0, "percent_covered_display": "100", "missing_lines": 0, "excluded_lines": 0, "percent_statements_covered": 100.0, "percent_statements_covered_display": "100"}, "missing_lines": [], "excluded_lines": [], "start_line": 17}, "ExecutionResponse": {"executed_lines": [], "summary": {"covered_lines": 0, "num_statements": 0, "percent_covered": 100.0, "percent_covered_display": "100", "missing_lines": 0, "excluded_lines": 0, "percent_statements_covered": 100.0, "percent_statements_covered_display": "100"}, "missing_lines": [], "excluded_lines": [], "start_line": 23}, "": {"executed_lines": [5, 6, 7, 9, 10, 11, 13, 14, 17, 20, 23, 26, 27, 28, 29, 30, 31, 34, 35], "summary": {"covered_lines": 19, "num_statements": 26, "percent_covered": 73.07692307692308, "percent_covered_display": "73", "missing_lines": 7, "excluded_lines": 0, "percent_statements_covered": 73.07692307692308, "percent_statements_covered_display": "73"}, "missing_lines": [49, 50, 52, 61, 62, 63, 64], "excluded_lines": [], "start_line": 1}}}, "app/api/v1/endpoints/functional.py": {"executed_lines": [5, 6, 7, 9, 10, 11, 12, 14, 15, 16, 17, 18, 20, 26, 27, 53, 54, 89, 90, 98, 99, 112, 113, 144, 145, 154, 155, 163, 164, 182, 183, 196, 197, 242, 243, 283, 284, 397, 398], "summary": {"covered_lines": 39, "num_statements": 159, "percent_covered": 24.528301886792452, "percent_covered_display": "25", "missing_lines": 120, "excluded_lines": 0, "percent_statements_covered": 24.528301886792452, "percent_statements_covered_display": "25"}, "missing_lines": [34, 35, 36, 38, 40, 42, 43, 46, 48, 57, 72, 75, 78, 79, 80, 82, 83, 84, 85, 86, 92, 93, 94, 95, 101, 102, 103, 104, 105, 106, 121, 122, 123, 125, 126, 127, 129, 130, 131, 133, 134, 137, 139, 147, 148, 149, 150, 151, 157, 158, 159, 160, 168, 169, 170, 172, 173, 174, 176, 177, 178, 179, 185, 186, 187, 188, 189, 190, 203, 204, 206, 207, 208, 211, 213, 214, 215, 216, 218, 234, 235, 236, 238, 239, 249, 250, 251, 253, 254, 257, 258, 259, 261, 262, 263, 264, 265, 266, 270, 271, 290, 293, 294, 295, 304, 334, 336, 337, 339, 355, 357, 358, 368, 369, 371, 377, 379, 383, 389, 403], "excluded_lines": [], "functions": {"list_requirements": {"executed_lines": [], "summary": {"covered_lines": 0, "num_statements": 9, "percent_covered": 0.0, "percent_covered_display": "0", "missing_lines": 9, "excluded_lines": 0, "percent_statements_covered": 0.0, "percent_statements_covered_display": "0"}, "missing_lines": [34, 35, 36, 38, 40, 42, 43, 46, 48], "excluded_lines": [], "start_line": 27}, "create_requirement": {"executed_lines": [], "summary": {"covered_lines": 0, "num_statements": 11, "percent_covered": 0.0, "percent_covered_display": "0", "missing_lines": 11, "excluded_lines": 0, "percent_statements_covered": 0.0, "percent_statements_covered_display": "0"}, "missing_lines": [57, 72, 75, 78, 79, 80, 82, 83, 84, 85, 86], "excluded_lines": [], "start_line": 54}, "get_requirement": {"executed_lines": [], "summary": {"covered_lines": 0, "num_statements": 4, "percent_covered": 0.0, "percent_covered_display": "0", "missing_lines": 4, "excluded_lines": 0, "percent_statements_covered": 0.0, "percent_statements_covered_display": "0"}, "missing_lines": [92, 93, 94, 95], "excluded_lines": [], "start_line": 90}, "delete_requirement": {"executed_lines": [], "summary": {"covered_lines": 0, "num_statements": 6, "percent_covered": 0.0, "percent_covered_display": "0", "missing_lines": 6, "excluded_lines": 0, "percent_statements_covered": 0.0, "percent_statements_covered_display": "0"}, "missing_lines": [101, 102, 103, 104, 105, 106], "excluded_lines": [], "start_line": 99}, "list_cases": {"executed_lines": [], "summary": {"covered_lines": 0, "num_statements": 13, "percent_covered": 0.0, "percent_covered_display": "0", "missing_lines": 13, "excluded_lines": 0, "percent_statements_covered": 0.0, "percent_statements_covered_display": "0"}, "missing_lines": [121, 122, 123, 125, 126, 127, 129, 130, 131, 133, 134, 137, 139], "excluded_lines": [], "start_line": 113}, "create_case": {"executed_lines": [], "summary": {"covered_lines": 0, "num_statements": 5, "percent_covered": 0.0, "percent_covered_display": "0", "missing_lines": 5, "excluded_lines": 0, "percent_statements_covered": 0.0, "percent_statements_covered_display": "0"}, "missing_lines": [147, 148, 149, 150, 151], "excluded_lines": [], "start_line": 145}, "get_case": {"executed_lines": [], "summary": {"covered_lines": 0, "num_statements": 4, "percent_covered": 0.0, "percent_covered_display": "0", "missing_lines": 4, "excluded_lines": 0, "percent_statements_covered": 0.0, "percent_statements_covered_display": "0"}, "missing_lines": [157, 158, 159, 160], "excluded_lines": [], "start_line": 155}, "update_case": {"executed_lines": [], "summary": {"covered_lines": 0, "num_statements": 10, "percent_covered": 0.0, "percent_covered_display": "0", "missing_lines": 10, "excluded_lines": 0, "percent_statements_covered": 0.0, "percent_statements_covered_display": "0"}, "missing_lines": [168, 169, 170, 172, 173, 174, 176, 177, 178, 179], "excluded_lines": [], "start_line": 164}, "delete_case": {"executed_lines": [], "summary": {"covered_lines": 0, "num_statements": 6, "percent_covered": 0.0, "percent_covered_display": "0", "missing_lines": 6, "excluded_lines": 0, "percent_statements_covered": 0.0, "percent_statements_covered_display": "0"}, "missing_lines": [185, 186, 187, 188, 189, 190], "excluded_lines": [], "start_line": 183}, "import_cases": {"executed_lines": [], "summary": {"covered_lines": 0, "num_statements": 16, "percent_covered": 0.0, "percent_covered_display": "0", "missing_lines": 16, "excluded_lines": 0, "percent_statements_covered": 0.0, "percent_statements_covered_display": "0"}, "missing_lines": [203, 204, 206, 207, 208, 211, 213, 214, 215, 216, 218, 234, 235, 236, 238, 239], "excluded_lines": [], "start_line": 197}, "export_cases": {"executed_lines": [], "summary": {"covered_lines": 0, "num_statements": 16, "percent_covered": 0.0, "percent_covered_display": "0", "missing_lines": 16, "excluded_lines": 0, "percent_statements_covered": 0.0, "percent_statements_covered_display": "0"}, "missing_lines": [249, 250, 251, 253, 254, 257, 258, 259, 261, 262, 263, 264, 265, 266, 270, 271], "excluded_lines": [], "start_line": 243}, "generate_cases_with_ai": {"executed_lines": [], "summary": {"covered_lines": 0, "num_statements": 19, "percent_covered": 0.0, "percent_covered_display": "0", "missing_lines": 19, "excluded_lines": 0, "percent_statements_covered": 0.0, "percent_statements_covered_display": "0"}, "missing_lines": [290, 293, 294, 295, 304, 334, 336, 337, 339, 355, 357, 358, 368, 369, 371, 377, 379, 383, 389], "excluded_lines": [], "start_line": 284}, "import_ai_result_to_cases": {"executed_lines": [], "summary": {"covered_lines": 0, "num_statements": 1, "percent_covered": 0.0, "percent_covered_display": "0", "missing_lines": 1, "excluded_lines": 0, "percent_statements_covered": 0.0, "percent_statements_covered_display": "0"}, "missing_lines": [403], "excluded_lines": [], "start_line": 398}, "": {"executed_lines": [5, 6, 7, 9, 10, 11, 12, 14, 15, 16, 17, 18, 20, 26, 27, 53, 54, 89, 90, 98, 99, 112, 113, 144, 145, 154, 155, 163, 164, 182, 183, 196, 197, 242, 243, 283, 284, 397, 398], "summary": {"covered_lines": 39, "num_statements": 39, "percent_covered": 100.0, "percent_covered_display": "100", "missing_lines": 0, "excluded_lines": 0, "percent_statements_covered": 100.0, "percent_statements_covered_display": "100"}, "missing_lines": [], "excluded_lines": [], "start_line": 1}}, "classes": {"": {"executed_lines": [5, 6, 7, 9, 10, 11, 12, 14, 15, 16, 17, 18, 20, 26, 27, 53, 54, 89, 90, 98, 99, 112, 113, 144, 145, 154, 155, 163, 164, 182, 183, 196, 197, 242, 243, 283, 284, 397, 398], "summary": {"covered_lines": 39, "num_statements": 159, "percent_covered": 24.528301886792452, "percent_covered_display": "25", "missing_lines": 120, "excluded_lines": 0, "percent_statements_covered": 24.528301886792452, "percent_statements_covered_display": "25"}, "missing_lines": [34, 35, 36, 38, 40, 42, 43, 46, 48, 57, 72, 75, 78, 79, 80, 82, 83, 84, 85, 86, 92, 93, 94, 95, 101, 102, 103, 104, 105, 106, 121, 122, 123, 125, 126, 127, 129, 130, 131, 133, 134, 137, 139, 147, 148, 149, 150, 151, 157, 158, 159, 160, 168, 169, 170, 172, 173, 174, 176, 177, 178, 179, 185, 186, 187, 188, 189, 190, 203, 204, 206, 207, 208, 211, 213, 214, 215, 216, 218, 234, 235, 236, 238, 239, 249, 250, 251, 253, 254, 257, 258, 259, 261, 262, 263, 264, 265, 266, 270, 271, 290, 293, 294, 295, 304, 334, 336, 337, 339, 355, 357, 358, 368, 369, 371, 377, 379, 383, 389, 403], "excluded_lines": [], "start_line": 1}}}, "app/api/v1/endpoints/global_params.py": {"executed_lines": [7, 8, 9, 10, 12, 13, 14, 16, 17, 18, 19, 26, 34, 38, 39, 40, 41, 42, 43, 45, 46, 102, 103, 226, 227, 261, 262, 309, 310, 325, 326, 366, 367, 383, 384], "summary": {"covered_lines": 35, "num_statements": 187, "percent_covered": 18.71657754010695, "percent_covered_display": "19", "missing_lines": 152, "excluded_lines": 0, "percent_statements_covered": 18.71657754010695, "percent_statements_covered_display": "19"}, "missing_lines": [58, 60, 61, 62, 65, 66, 67, 69, 70, 71, 73, 74, 77, 78, 79, 81, 82, 83, 84, 86, 87, 88, 89, 92, 94, 112, 118, 119, 121, 122, 123, 124, 125, 126, 128, 129, 130, 133, 134, 135, 136, 137, 138, 140, 141, 142, 143, 144, 145, 147, 148, 149, 150, 151, 152, 155, 157, 158, 159, 160, 161, 168, 170, 171, 172, 173, 176, 178, 179, 181, 182, 188, 189, 190, 193, 194, 199, 200, 201, 204, 205, 206, 208, 211, 212, 215, 216, 218, 235, 238, 239, 242, 244, 245, 246, 249, 250, 251, 252, 255, 272, 273, 274, 275, 278, 284, 285, 291, 302, 303, 304, 306, 316, 317, 319, 320, 322, 333, 334, 336, 337, 340, 341, 342, 343, 344, 345, 346, 347, 348, 349, 350, 353, 354, 355, 356, 357, 358, 360, 361, 363, 373, 374, 376, 377, 379, 380, 390, 391, 393, 394, 396], "excluded_lines": [], "functions": {"GoogleDocstringParser.parse_code": {"executed_lines": [], "summary": {"covered_lines": 0, "num_statements": 25, "percent_covered": 0.0, "percent_covered_display": "0", "missing_lines": 25, "excluded_lines": 0, "percent_statements_covered": 0.0, "percent_statements_covered_display": "0"}, "missing_lines": [58, 60, 61, 62, 65, 66, 67, 69, 70, 71, 73, 74, 77, 78, 79, 81, 82, 83, 84, 86, 87, 88, 89, 92, 94], "excluded_lines": [], "start_line": 46}, "GoogleDocstringParser.parse_docstring": {"executed_lines": [], "summary": {"covered_lines": 0, "num_statements": 63, "percent_covered": 0.0, "percent_covered_display": "0", "missing_lines": 63, "excluded_lines": 0, "percent_statements_covered": 0.0, "percent_statements_covered_display": "0"}, "missing_lines": [112, 118, 119, 121, 122, 123, 124, 125, 126, 128, 129, 130, 133, 134, 135, 136, 137, 138, 140, 141, 142, 143, 144, 145, 147, 148, 149, 150, 151, 152, 155, 157, 158, 159, 160, 161, 168, 170, 171, 172, 173, 176, 178, 179, 181, 182, 188, 189, 190, 193, 194, 199, 200, 201, 204, 205, 206, 208, 211, 212, 215, 216, 218], "excluded_lines": [], "start_line": 103}, "list_global_params": {"executed_lines": [], "summary": {"covered_lines": 0, "num_statements": 12, "percent_covered": 0.0, "percent_covered_display": "0", "missing_lines": 12, "excluded_lines": 0, "percent_statements_covered": 0.0, "percent_statements_covered_display": "0"}, "missing_lines": [235, 238, 239, 242, 244, 245, 246, 249, 250, 251, 252, 255], "excluded_lines": [], "start_line": 227}, "create_global_param": {"executed_lines": [], "summary": {"covered_lines": 0, "num_statements": 12, "percent_covered": 0.0, "percent_covered_display": "0", "missing_lines": 12, "excluded_lines": 0, "percent_statements_covered": 0.0, "percent_statements_covered_display": "0"}, "missing_lines": [272, 273, 274, 275, 278, 284, 285, 291, 302, 303, 304, 306], "excluded_lines": [], "start_line": 262}, "get_global_param": {"executed_lines": [], "summary": {"covered_lines": 0, "num_statements": 5, "percent_covered": 0.0, "percent_covered_display": "0", "missing_lines": 5, "excluded_lines": 0, "percent_statements_covered": 0.0, "percent_statements_covered_display": "0"}, "missing_lines": [316, 317, 319, 320, 322], "excluded_lines": [], "start_line": 310}, "update_global_param": {"executed_lines": [], "summary": {"covered_lines": 0, "num_statements": 24, "percent_covered": 0.0, "percent_covered_display": "0", "missing_lines": 24, "excluded_lines": 0, "percent_statements_covered": 0.0, "percent_statements_covered_display": "0"}, "missing_lines": [333, 334, 336, 337, 340, 341, 342, 343, 344, 345, 346, 347, 348, 349, 350, 353, 354, 355, 356, 357, 358, 360, 361, 363], "excluded_lines": [], "start_line": 326}, "delete_global_param": {"executed_lines": [], "summary": {"covered_lines": 0, "num_statements": 6, "percent_covered": 0.0, "percent_covered_display": "0", "missing_lines": 6, "excluded_lines": 0, "percent_statements_covered": 0.0, "percent_statements_covered_display": "0"}, "missing_lines": [373, 374, 376, 377, 379, 380], "excluded_lines": [], "start_line": 367}, "list_global_params_by_class": {"executed_lines": [], "summary": {"covered_lines": 0, "num_statements": 5, "percent_covered": 0.0, "percent_covered_display": "0", "missing_lines": 5, "excluded_lines": 0, "percent_statements_covered": 0.0, "percent_statements_covered_display": "0"}, "missing_lines": [390, 391, 393, 394, 396], "excluded_lines": [], "start_line": 384}, "": {"executed_lines": [7, 8, 9, 10, 12, 13, 14, 16, 17, 18, 19, 26, 34, 38, 39, 40, 41, 42, 43, 45, 46, 102, 103, 226, 227, 261, 262, 309, 310, 325, 326, 366, 367, 383, 384], "summary": {"covered_lines": 35, "num_statements": 35, "percent_covered": 100.0, "percent_covered_display": "100", "missing_lines": 0, "excluded_lines": 0, "percent_statements_covered": 100.0, "percent_statements_covered_display": "100"}, "missing_lines": [], "excluded_lines": [], "start_line": 1}}, "classes": {"GoogleDocstringParser": {"executed_lines": [], "summary": {"covered_lines": 0, "num_statements": 88, "percent_covered": 0.0, "percent_covered_display": "0", "missing_lines": 88, "excluded_lines": 0, "percent_statements_covered": 0.0, "percent_statements_covered_display": "0"}, "missing_lines": [58, 60, 61, 62, 65, 66, 67, 69, 70, 71, 73, 74, 77, 78, 79, 81, 82, 83, 84, 86, 87, 88, 89, 92, 94, 112, 118, 119, 121, 122, 123, 124, 125, 126, 128, 129, 130, 133, 134, 135, 136, 137, 138, 140, 141, 142, 143, 144, 145, 147, 148, 149, 150, 151, 152, 155, 157, 158, 159, 160, 161, 168, 170, 171, 172, 173, 176, 178, 179, 181, 182, 188, 189, 190, 193, 194, 199, 200, 201, 204, 205, 206, 208, 211, 212, 215, 216, 218], "excluded_lines": [], "start_line": 34}, "": {"executed_lines": [7, 8, 9, 10, 12, 13, 14, 16, 17, 18, 19, 26, 34, 38, 39, 40, 41, 42, 43, 45, 46, 102, 103, 226, 227, 261, 262, 309, 310, 325, 326, 366, 367, 383, 384], "summary": {"covered_lines": 35, "num_statements": 99, "percent_covered": 35.35353535353536, "percent_covered_display": "35", "missing_lines": 64, "excluded_lines": 0, "percent_statements_covered": 35.35353535353536, "percent_statements_covered_display": "35"}, "missing_lines": [235, 238, 239, 242, 244, 245, 246, 249, 250, 251, 252, 255, 272, 273, 274, 275, 278, 284, 285, 291, 302, 303, 304, 306, 316, 317, 319, 320, 322, 333, 334, 336, 337, 340, 341, 342, 343, 344, 345, 346, 347, 348, 349, 350, 353, 354, 355, 356, 357, 358, 360, 361, 363, 373, 374, 376, 377, 379, 380, 390, 391, 393, 394, 396], "excluded_lines": [], "start_line": 1}}}, "app/api/v1/endpoints/interface_folders.py": {"executed_lines": [6, 7, 9, 10, 11, 12, 14, 15, 16, 17, 18, 20, 23, 34, 36, 38, 49, 50, 54, 56, 59, 60, 62, 65, 66, 80, 81, 85, 91, 98, 103, 125, 126, 130, 131, 132, 136, 143, 144, 150, 151, 175, 176, 198, 199, 203, 215, 216, 217, 219, 220, 226, 227, 244, 245, 249, 254, 274, 275], "summary": {"covered_lines": 59, "num_statements": 103, "percent_covered": 57.28155339805825, "percent_covered_display": "57", "missing_lines": 44, "excluded_lines": 0, "percent_statements_covered": 57.28155339805825, "percent_statements_covered_display": "57"}, "missing_lines": [51, 82, 92, 95, 127, 133, 145, 147, 168, 169, 170, 172, 200, 205, 206, 210, 211, 212, 221, 223, 246, 255, 258, 261, 262, 264, 265, 270, 271, 297, 298, 299, 302, 304, 305, 309, 310, 311, 314, 315, 316, 318, 319, 321], "excluded_lines": [], "functions": {"build_folder_tree": {"executed_lines": [34, 36, 59, 60, 62], "summary": {"covered_lines": 5, "num_statements": 5, "percent_covered": 100.0, "percent_covered_display": "100", "missing_lines": 0, "excluded_lines": 0, "percent_statements_covered": 100.0, "percent_statements_covered_display": "100"}, "missing_lines": [], "excluded_lines": [], "start_line": 23}, "build_folder_tree.build_tree": {"executed_lines": [38, 49, 50, 54, 56], "summary": {"covered_lines": 5, "num_statements": 6, "percent_covered": 83.33333333333333, "percent_covered_display": "83", "missing_lines": 1, "excluded_lines": 0, "percent_statements_covered": 83.33333333333333, "percent_statements_covered_display": "83"}, "missing_lines": [51], "excluded_lines": [], "start_line": 36}, "list_interface_folders": {"executed_lines": [80, 81, 85, 91], "summary": {"covered_lines": 4, "num_statements": 7, "percent_covered": 57.142857142857146, "percent_covered_display": "57", "missing_lines": 3, "excluded_lines": 0, "percent_statements_covered": 57.142857142857146, "percent_statements_covered_display": "57"}, "missing_lines": [82, 92, 95], "excluded_lines": [], "start_line": 66}, "create_interface_folder": {"executed_lines": [125, 126, 130, 131, 132, 136, 143, 144], "summary": {"covered_lines": 8, "num_statements": 12, "percent_covered": 66.66666666666667, "percent_covered_display": "67", "missing_lines": 4, "excluded_lines": 0, "percent_statements_covered": 66.66666666666667, "percent_statements_covered_display": "67"}, "missing_lines": [127, 133, 145, 147], "excluded_lines": [], "start_line": 103}, "get_interface_folder": {"executed_lines": [], "summary": {"covered_lines": 0, "num_statements": 4, "percent_covered": 0.0, "percent_covered_display": "0", "missing_lines": 4, "excluded_lines": 0, "percent_statements_covered": 0.0, "percent_statements_covered_display": "0"}, "missing_lines": [168, 169, 170, 172], "excluded_lines": [], "start_line": 151}, "update_interface_folder": {"executed_lines": [198, 199, 203, 215, 216, 217, 219, 220], "summary": {"covered_lines": 8, "num_statements": 16, "percent_covered": 50.0, "percent_covered_display": "50", "missing_lines": 8, "excluded_lines": 0, "percent_statements_covered": 50.0, "percent_statements_covered_display": "50"}, "missing_lines": [200, 205, 206, 210, 211, 212, 221, 223], "excluded_lines": [], "start_line": 176}, "delete_interface_folder": {"executed_lines": [244, 245, 249, 254], "summary": {"covered_lines": 4, "num_statements": 13, "percent_covered": 30.76923076923077, "percent_covered_display": "31", "missing_lines": 9, "excluded_lines": 0, "percent_statements_covered": 30.76923076923077, "percent_statements_covered_display": "31"}, "missing_lines": [246, 255, 258, 261, 262, 264, 265, 270, 271], "excluded_lines": [], "start_line": 227}, "move_interface_folder": {"executed_lines": [], "summary": {"covered_lines": 0, "num_statements": 15, "percent_covered": 0.0, "percent_covered_display": "0", "missing_lines": 15, "excluded_lines": 0, "percent_statements_covered": 0.0, "percent_statements_covered_display": "0"}, "missing_lines": [297, 298, 299, 302, 304, 305, 309, 310, 311, 314, 315, 316, 318, 319, 321], "excluded_lines": [], "start_line": 275}, "": {"executed_lines": [6, 7, 9, 10, 11, 12, 14, 15, 16, 17, 18, 20, 23, 65, 66, 98, 103, 150, 151, 175, 176, 226, 227, 274, 275], "summary": {"covered_lines": 25, "num_statements": 25, "percent_covered": 100.0, "percent_covered_display": "100", "missing_lines": 0, "excluded_lines": 0, "percent_statements_covered": 100.0, "percent_statements_covered_display": "100"}, "missing_lines": [], "excluded_lines": [], "start_line": 1}}, "classes": {"": {"executed_lines": [6, 7, 9, 10, 11, 12, 14, 15, 16, 17, 18, 20, 23, 34, 36, 38, 49, 50, 54, 56, 59, 60, 62, 65, 66, 80, 81, 85, 91, 98, 103, 125, 126, 130, 131, 132, 136, 143, 144, 150, 151, 175, 176, 198, 199, 203, 215, 216, 217, 219, 220, 226, 227, 244, 245, 249, 254, 274, 275], "summary": {"covered_lines": 59, "num_statements": 103, "percent_covered": 57.28155339805825, "percent_covered_display": "57", "missing_lines": 44, "excluded_lines": 0, "percent_statements_covered": 57.28155339805825, "percent_statements_covered_display": "57"}, "missing_lines": [51, 82, 92, 95, 127, 133, 145, 147, 168, 169, 170, 172, 200, 205, 206, 210, 211, 212, 221, 223, 246, 255, 258, 261, 262, 264, 265, 270, 271, 297, 298, 299, 302, 304, 305, 309, 310, 311, 314, 315, 316, 318, 319, 321], "excluded_lines": [], "start_line": 1}}}, "app/api/v1/endpoints/interfaces.py": {"executed_lines": [1, 2, 4, 5, 6, 7, 9, 10, 11, 12, 23, 29, 30, 31, 33, 36, 37, 44, 46, 47, 49, 53, 57, 66, 67, 70, 71, 72, 80, 81, 94, 95, 106, 107, 136, 137, 143, 144, 145, 146, 149, 167, 168, 169, 170, 172, 173, 179, 180, 181, 182, 184, 187, 188, 192, 194, 195, 199, 212, 213, 214, 216, 217, 222, 223, 225, 226, 229, 230, 235, 236, 387, 388, 410, 411, 444, 445, 476, 477, 508, 509, 556, 557, 615, 616], "summary": {"covered_lines": 85, "num_statements": 306, "percent_covered": 27.77777777777778, "percent_covered_display": "28", "missing_lines": 221, "excluded_lines": 0, "percent_statements_covered": 27.77777777777778, "percent_statements_covered_display": "28"}, "missing_lines": [50, 51, 54, 55, 58, 59, 61, 63, 73, 74, 85, 86, 87, 89, 90, 91, 99, 100, 101, 102, 103, 109, 110, 111, 114, 119, 121, 124, 126, 127, 131, 132, 133, 174, 176, 183, 196, 218, 219, 227, 231, 244, 245, 246, 247, 250, 251, 252, 253, 256, 257, 258, 259, 260, 263, 266, 274, 275, 276, 277, 278, 281, 282, 285, 286, 287, 288, 289, 291, 294, 295, 298, 299, 302, 303, 304, 307, 308, 314, 315, 321, 322, 328, 329, 330, 331, 332, 333, 334, 340, 341, 342, 345, 354, 355, 358, 361, 363, 364, 369, 372, 373, 381, 400, 401, 402, 404, 405, 406, 407, 429, 430, 431, 432, 440, 441, 463, 464, 465, 466, 471, 472, 473, 495, 496, 497, 499, 500, 502, 503, 505, 527, 528, 529, 532, 549, 550, 551, 553, 580, 582, 583, 587, 588, 589, 593, 598, 599, 600, 602, 603, 604, 606, 607, 608, 610, 612, 632, 633, 634, 637, 640, 641, 642, 643, 646, 647, 648, 649, 650, 651, 654, 657, 665, 666, 667, 668, 669, 672, 673, 676, 677, 678, 679, 680, 682, 685, 686, 689, 690, 691, 694, 695, 700, 701, 702, 703, 706, 707, 708, 709, 712, 713, 714, 715, 716, 719, 729, 730, 733, 735, 736, 742, 745, 746, 747, 748, 749, 750, 752, 758], "excluded_lines": [], "functions": {"read_interfaces": {"executed_lines": [44, 46, 47, 49, 53, 57], "summary": {"covered_lines": 6, "num_statements": 14, "percent_covered": 42.857142857142854, "percent_covered_display": "43", "missing_lines": 8, "excluded_lines": 0, "percent_statements_covered": 42.857142857142854, "percent_statements_covered_display": "43"}, "missing_lines": [50, 51, 54, 55, 58, 59, 61, 63], "excluded_lines": [], "start_line": 37}, "create_interface": {"executed_lines": [70, 71, 72], "summary": {"covered_lines": 3, "num_statements": 5, "percent_covered": 60.0, "percent_covered_display": "60", "missing_lines": 2, "excl
[...]
_statements_covered_display": "0"}, "missing_lines": [225, 226, 227], "excluded_lines": [], "start_line": 203}, "": {"executed_lines": [3, 4, 5, 6, 7, 8, 11, 15, 18, 20, 31, 81, 103, 133, 163, 171, 183, 191, 203], "summary": {"covered_lines": 19, "num_statements": 19, "percent_covered": 100.0, "percent_covered_display": "100", "missing_lines": 0, "excluded_lines": 0, "percent_statements_covered": 100.0, "percent_statements_covered_display": "100"}, "missing_lines": [], "excluded_lines": [], "start_line": 1}}, "classes": {"VariableReplacer": {"executed_lines": [], "summary": {"covered_lines": 0, "num_statements": 57, "percent_covered": 0.0, "percent_covered_display": "0", "missing_lines": 57, "excluded_lines": 0, "percent_statements_covered": 0.0, "percent_statements_covered_display": "0"}, "missing_lines": [22, 49, 50, 53, 54, 55, 56, 57, 60, 63, 64, 65, 68, 69, 72, 73, 76, 77, 79, 93, 95, 96, 97, 98, 100, 101, 112, 114, 115, 116, 118, 120, 121, 122, 123, 124, 125, 126, 128, 130, 131, 142, 143, 146, 149, 150, 152, 153, 156, 157, 158, 159, 161, 169, 181, 189, 200], "excluded_lines": [], "start_line": 11}, "": {"executed_lines": [3, 4, 5, 6, 7, 8, 11, 15, 18, 20, 31, 81, 103, 133, 163, 171, 183, 191, 203], "summary": {"covered_lines": 19, "num_statements": 22, "percent_covered": 86.36363636363636, "percent_covered_display": "86", "missing_lines": 3, "excluded_lines": 0, "percent_statements_covered": 86.36363636363636, "percent_statements_covered_display": "86"}, "missing_lines": [225, 226, 227], "excluded_lines": [], "start_line": 1}}}, "app/services/vector_store_service.py": {"executed_lines": [], "summary": {"covered_lines": 0, "num_statements": 114, "percent_covered": 0.0, "percent_covered_display": "0", "missing_lines": 114, "excluded_lines": 0, "percent_statements_covered": 0.0, "percent_statements_covered_display": "0"}, "missing_lines": [6, 8, 9, 11, 12, 15, 18, 25, 27, 49, 50, 51, 53, 56, 58, 65, 66, 67, 68, 69, 70, 71, 75, 78, 79, 82, 83, 85, 88, 89, 99, 100, 102, 104, 108, 113, 114, 115, 116, 117, 118, 119, 122, 124, 125, 128, 129, 130, 132, 134, 136, 137, 147, 149, 151, 153, 154, 156, 157, 163, 164, 165, 166, 168, 173, 174, 176, 177, 178, 180, 182, 184, 185, 188, 191, 192, 193, 194, 195, 196, 197, 198, 201, 203, 205, 220, 223, 225, 227, 228, 229, 230, 231, 232, 235, 236, 237, 248, 250, 252, 262, 264, 265, 267, 268, 270, 272, 273, 281, 284, 285, 286, 288, 298], "excluded_lines": [], "functions": {"VectorStoreService.__init__": {"executed_lines": [], "summary": {"covered_lines": 0, "num_statements": 1, "percent_covered": 0.0, "percent_covered_display": "0", "missing_lines": 1, "excluded_lines": 0, "percent_statements_covered": 0.0, "percent_statements_covered_display": "0"}, "missing_lines": [25], "excluded_lines": [], "start_line": 18}, "VectorStoreService.similarity_search": {"executed_lines": [], "summary": {"covered_lines": 0, "num_statements": 24, "percent_covered": 0.0, "percent_covered_display": "0", "missing_lines": 24, "excluded_lines": 0, "percent_statements_covered": 0.0, "percent_statements_covered_display": "0"}, "missing_lines": [49, 50, 51, 53, 56, 58, 65, 66, 67, 68, 69, 70, 71, 75, 78, 79, 82, 83, 85, 88, 89, 99, 100, 102], "excluded_lines": [], "start_line": 27}, "VectorStoreService._fallback_text_search": {"executed_lines": [], "summary": {"covered_lines": 0, "num_statements": 20, "percent_covered": 0.0, "percent_covered_display": "0", "missing_lines": 20, "excluded_lines": 0, "percent_statements_covered": 0.0, "percent_statements_covered_display": "0"}, "missing_lines": [108, 113, 114, 115, 116, 117, 118, 119, 122, 124, 125, 128, 129, 130, 132, 134, 136, 137, 147, 149], "excluded_lines": [], "start_line": 104}, "VectorStoreService._generate_embedding": {"executed_lines": [], "summary": {"covered_lines": 0, "num_statements": 14, "percent_covered": 0.0, "percent_covered_display": "0", "missing_lines": 14, "excluded_lines": 0, "percent_statements_covered": 0.0, "percent_statements_covered_display": "0"}, "missing_lines": [153, 154, 156, 157, 163, 164, 165, 166, 168, 173, 174, 176, 177, 178], "excluded_lines": [], "start_line": 151}, "VectorStoreService._calculate_text_similarity": {"executed_lines": [], "summary": {"covered_lines": 0, "num_statements": 14, "percent_covered": 0.0, "percent_covered_display": "0", "missing_lines": 14, "excluded_lines": 0, "percent_statements_covered": 0.0, "percent_statements_covered_display": "0"}, "missing_lines": [182, 184, 185, 188, 191, 192, 193, 194, 195, 196, 197, 198, 201, 203], "excluded_lines": [], "start_line": 180}, "VectorStoreService.add_test_case_to_knowledge": {"executed_lines": [], "summary": {"covered_lines": 0, "num_statements": 14, "percent_covered": 0.0, "percent_covered_display": "0", "missing_lines": 14, "excluded_lines": 0, "percent_statements_covered": 0.0, "percent_statements_covered_display": "0"}, "missing_lines": [220, 223, 225, 227, 228, 229, 230, 231, 232, 235, 236, 237, 248, 250], "excluded_lines": [], "start_line": 205}, "VectorStoreService.get_knowledge_stats": {"executed_lines": [], "summary": {"covered_lines": 0, "num_statements": 13, "percent_covered": 0.0, "percent_covered_display": "0", "missing_lines": 13, "excluded_lines": 0, "percent_statements_covered": 0.0, "percent_statements_covered_display": "0"}, "missing_lines": [262, 264, 265, 267, 268, 270, 272, 273, 281, 284, 285, 286, 288], "excluded_lines": [], "start_line": 252}, "": {"executed_lines": [], "summary": {"covered_lines": 0, "num_statements": 14, "percent_covered": 0.0, "percent_covered_display": "0", "missing_lines": 14, "excluded_lines": 0, "percent_statements_covered": 0.0, "percent_statements_covered_display": "0"}, "missing_lines": [6, 8, 9, 11, 12, 15, 18, 27, 104, 151, 180, 205, 252, 298], "excluded_lines": [], "start_line": 1}}, "classes": {"VectorStoreService": {"executed_lines": [], "summary": {"covered_lines": 0, "num_statements": 100, "percent_covered": 0.0, "percent_covered_display": "0", "missing_lines": 100, "excluded_lines": 0, "percent_statements_covered": 0.0, "percent_statements_covered_display": "0"}, "missing_lines": [25, 49, 50, 51, 53, 56, 58, 65, 66, 67, 68, 69, 70, 71, 75, 78, 79, 82, 83, 85, 88, 89, 99, 100, 102, 108, 113, 114, 115, 116, 117, 118, 119, 122, 124, 125, 128, 129, 130, 132, 134, 136, 137, 147, 149, 153, 154, 156, 157, 163, 164, 165, 166, 168, 173, 174, 176, 177, 178, 182, 184, 185, 188, 191, 192, 193, 194, 195, 196, 197, 198, 201, 203, 220, 223, 225, 227, 228, 229, 230, 231, 232, 235, 236, 237, 248, 250, 262, 264, 265, 267, 268, 270, 272, 273, 281, 284, 285, 286, 288], "excluded_lines": [], "start_line": 15}, "": {"executed_lines": [], "summary": {"covered_lines": 0, "num_statements": 14, "percent_covered": 0.0, "percent_covered_display": "0", "missing_lines": 14, "excluded_lines": 0, "percent_statements_covered": 0.0, "percent_statements_covered_display": "0"}, "missing_lines": [6, 8, 9, 11, 12, 15, 18, 27, 104, 151, 180, 205, 252, 298], "excluded_lines": [], "start_line": 1}}}, "app/services/yaml_generator.py": {"executed_lines": [5, 7, 10, 13, 25, 75, 97, 145, 172, 238, 268, 290, 316, 342, 360, 374, 410, 443, 461], "summary": {"covered_lines": 19, "num_statements": 193, "percent_covered": 9.844559585492227, "percent_covered_display": "10", "missing_lines": 174, "excluded_lines": 0, "percent_statements_covered": 9.844559585492227, "percent_statements_covered_display": "10"}, "missing_lines": [16, 51, 54, 62, 63, 65, 66, 69, 73, 85, 86, 88, 89, 91, 92, 94, 95, 107, 110, 111, 114, 115, 118, 119, 122, 123, 126, 127, 130, 131, 134, 135, 137, 138, 140, 141, 143, 155, 157, 158, 159, 162, 163, 164, 167, 168, 170, 182, 187, 188, 191, 192, 195, 196, 197, 198, 199, 200, 201, 202, 203, 204, 205, 206, 209, 210, 213, 214, 217, 218, 219, 220, 223, 224, 226, 227, 229, 230, 233, 234, 236, 240, 243, 244, 247, 248, 251, 252, 255, 256, 259, 260, 263, 264, 266, 270, 273, 274, 277, 278, 281, 282, 285, 286, 288, 292, 295, 296, 299, 300, 303, 304, 307, 308, 311, 312, 314, 318, 321, 322, 325, 326, 329, 330, 333, 334, 337, 338, 340, 344, 347, 348, 351, 352, 355, 356, 358, 362, 365, 366, 369, 370, 372, 384, 386, 387, 388, 390, 395, 396, 399, 400, 403, 404, 406, 408, 420, 422, 423, 424, 426, 432, 433, 436, 437, 439, 441, 453, 454, 455, 456, 457, 471, 472], "excluded_lines": [], "functions": {"YAMLGenerator.__init__": {"executed_lines": [], "summary": {"covered_lines": 0, "num_statements": 1, "percent_covered": 0.0, "percent_covered_display": "0", "missing_lines": 1, "excluded_lines": 0, "percent_statements_covered": 0.0, "percent_statements_covered_display": "0"}, "missing_lines": [16], "excluded_lines": [], "start_line": 13}, "YAMLGenerator.generate_yaml": {"executed_lines": [], "summary": {"covered_lines": 0, "num_statements": 8, "percent_covered": 0.0, "percent_covered_display": "0", "missing_lines": 8, "excluded_lines": 0, "percent_statements_covered": 0.0, "percent_statements_covered_display": "0"}, "missing_lines": [51, 54, 62, 63, 65, 66, 69, 73], "excluded_lines": [], "start_line": 25}, "YAMLGenerator._validate_config": {"executed_lines": [], "summary": {"covered_lines": 0, "num_statements": 8, "percent_covered": 0.0, "percent_covered_display": "0", "missing_lines": 8, "excluded_lines": 0, "percent_statements_covered": 0.0, "percent_statements_covered_display": "0"}, "missing_lines": [85, 86, 88, 89, 91, 92, 94, 95], "excluded_lines": [], "start_line": 75}, "YAMLGenerator._build_config": {"executed_lines": [], "summary": {"covered_lines": 0, "num_statements": 20, "percent_covered": 0.0, "percent_covered_display": "0", "missing_lines": 20, "excluded_lines": 0, "percent_statements_covered": 0.0, "percent_statements_covered_display": "0"}, "missing_lines": [107, 110, 111, 114, 115, 118, 119, 122, 123, 126, 127, 130, 131, 134, 135, 137, 138, 140, 141, 143], "excluded_lines": [], "start_line": 97}, "YAMLGenerator._build_steps": {"executed_lines": [], "summary": {"covered_lines": 0, "num_statements": 10, "percent_covered": 0.0, "percent_covered_display": "0", "missing_lines": 10, "excluded_lines": 0, "percent_statements_covered": 0.0, "percent_statements_covered_display": "0"}, "missing_lines": [155, 157, 158, 159, 162, 163, 164, 167, 168, 170], "excluded_lines": [], "start_line": 145}, "YAMLGenerator._build_single_step": {"executed_lines": [], "summary": {"covered_lines": 0, "num_statements": 34, "percent_covered": 0.0, "percent_covered_display": "0", "missing_lines": 34, "excluded_lines": 0, "percent_statements_covered": 0.0, "percent_statements_covered_display": "0"}, "missing_lines": [182, 187, 188, 191, 192, 195, 196, 197, 198, 199, 200, 201, 202, 203, 204, 205, 206, 209, 210, 213, 214, 217, 218, 219, 220, 223, 224, 226, 227, 229, 230, 233, 234, 236], "excluded_lines": [], "start_line": 172}, "YAMLGenerator._build_request_step": {"executed_lines": [], "summary": {"covered_lines": 0, "num_statements": 14, "percent_covered": 0.0, "percent_covered_display": "0", "missing_lines": 14, "excluded_lines": 0, "percent_statements_covered": 0.0, "percent_statements_covered_display": "0"}, "missing_lines": [240, 243, 244, 247, 248, 251, 252, 255, 256, 259, 260, 263, 264, 266], "excluded_lines": [], "start_line": 238}, "YAMLGenerator._build_database_step": {"executed_lines": [], "summary": {"covered_lines": 0, "num_statements": 10, "percent_covered": 0.0, "percent_covered_display": "0", "missing_lines": 10, "excluded_lines": 0, "percent_statements_covered": 0.0, "percent_statements_covered_display": "0"}, "missing_lines": [270, 273, 274, 277, 278, 281, 282, 285, 286, 288], "excluded_lines": [], "start_line": 268}, "YAMLGenerator._build_wait_step": {"executed_lines": [], "summary": {"covered_lines": 0, "num_statements": 12, "percent_covered": 0.0, "percent_covered_display": "0", "missing_lines": 12, "excluded_lines": 0, "percent_statements_covered": 0.0, "percent_statements_covered_display": "0"}, "missing_lines": [292, 295, 296, 299, 300, 303, 304, 307, 308, 311, 312, 314], "excluded_lines": [], "start_line": 290}, "YAMLGenerator._build_loop_step": {"executed_lines": [], "summary": {"covered_lines": 0, "num_statements": 12, "percent_covered": 0.0, "percent_covered_display": "0", "missing_lines": 12, "excluded_lines": 0, "percent_statements_covered": 0.0, "percent_statements_covered_display": "0"}, "missing_lines": [318, 321, 322, 325, 326, 329, 330, 333, 334, 337, 338, 340], "excluded_lines": [], "start_line": 316}, "YAMLGenerator._build_script_step": {"executed_lines": [], "summary": {"covered_lines": 0, "num_statements": 8, "percent_covered": 0.0, "percent_covered_display": "0", "missing_lines": 8, "excluded_lines": 0, "percent_statements_covered": 0.0, "percent_statements_covered_display": "0"}, "missing_lines": [344, 347, 348, 351, 352, 355, 356, 358], "excluded_lines": [], "start_line": 342}, "YAMLGenerator._build_concurrent_step": {"executed_lines": [], "summary": {"covered_lines": 0, "num_statements": 6, "percent_covered": 0.0, "percent_covered_display": "0", "missing_lines": 6, "excluded_lines": 0, "percent_statements_covered": 0.0, "percent_statements_covered_display": "0"}, "missing_lines": [362, 365, 366, 369, 370, 372], "excluded_lines": [], "start_line": 360}, "YAMLGenerator._build_validations": {"executed_lines": [], "summary": {"covered_lines": 0, "num_statements": 13, "percent_covered": 0.0, "percent_covered_display": "0", "missing_lines": 13, "excluded_lines": 0, "percent_statements_covered": 0.0, "percent_statements_covered_display": "0"}, "missing_lines": [384, 386, 387, 388, 390, 395, 396, 399, 400, 403, 404, 406, 408], "excluded_lines": [], "start_line": 374}, "YAMLGenerator._build_extractors": {"executed_lines": [], "summary": {"covered_lines": 0, "num_statements": 11, "percent_covered": 0.0, "percent_covered_display": "0", "missing_lines": 11, "excluded_lines": 0, "percent_statements_covered": 0.0, "percent_statements_covered_display": "0"}, "missing_lines": [420, 422, 423, 424, 426, 432, 433, 436, 437, 439, 441], "excluded_lines": [], "start_line": 410}, "YAMLGenerator.validate_yaml": {"executed_lines": [], "summary": {"covered_lines": 0, "num_statements": 5, "percent_covered": 0.0, "percent_covered_display": "0", "missing_lines": 5, "excluded_lines": 0, "percent_statements_covered": 0.0, "percent_statements_covered_display": "0"}, "missing_lines": [453, 454, 455, 456, 457], "excluded_lines": [], "start_line": 443}, "generate_yaml_from_config": {"executed_lines": [], "summary": {"covered_lines": 0, "num_statements": 2, "percent_covered": 0.0, "percent_covered_display": "0", "missing_lines": 2, "excluded_lines": 0, "percent_statements_covered": 0.0, "percent_statements_covered_display": "0"}, "missing_lines": [471, 472], "excluded_lines": [], "start_line": 461}, "": {"executed_lines": [5, 7, 10, 13, 25, 75, 97, 145, 172, 238, 268, 290, 316, 342, 360, 374, 410, 443, 461], "summary": {"covered_lines": 19, "num_statements": 19, "percent_covered": 100.0, "percent_covered_display": "100", "missing_lines": 0, "excluded_lines": 0, "percent_statements_covered": 100.0, "percent_statements_covered_display": "100"}, "missing_lines": [], "excluded_lines": [], "start_line": 1}}, "classes": {"YAMLGenerator": {"executed_lines": [], "summary": {"covered_lines": 0, "num_statements": 172, "percent_covered": 0.0, "percent_covered_display": "0", "missing_lines": 172, "excluded_lines": 0, "percent_statements_covered": 0.0, "percent_statements_covered_display": "0"}, "missing_lines": [16, 51, 54, 62, 63, 65, 66, 69, 73, 85, 86, 88, 89, 91, 92, 94, 95, 107, 110, 111, 114, 115, 118, 119, 122, 123, 126, 127, 130, 131, 134, 135, 137, 138, 140, 141, 143, 155, 157, 158, 159, 162, 163, 164, 167, 168, 170, 182, 187, 188, 191, 192, 195, 196, 197, 198, 199, 200, 201, 202, 203, 204, 205, 206, 209, 210, 213, 214, 217, 218, 219, 220, 223, 224, 226, 227, 229, 230, 233, 234, 236, 240, 243, 244, 247, 248, 251, 252, 255, 256, 259, 260, 263, 264, 266, 270, 273, 274, 277, 278, 281, 282, 285, 286, 288, 292, 295, 296, 299, 300, 303, 304, 307, 308, 311, 312, 314, 318, 321, 322, 325, 326, 329, 330, 333, 334, 337, 338, 340, 344, 347, 348, 351, 352, 355, 356, 358, 362, 365, 366, 369, 370, 372, 384, 386, 387, 388, 390, 395, 396, 399, 400, 403, 404, 406, 408, 420, 422, 423, 424, 426, 432, 433, 436, 437, 439, 441, 453, 454, 455, 456, 457], "excluded_lines": [], "start_line": 10}, "": {"executed_lines": [5, 7, 10, 13, 25, 75, 97, 145, 172, 238, 268, 290, 316, 342, 360, 374, 410, 443, 461], "summary": {"covered_lines": 19, "num_statements": 21, "percent_covered": 90.47619047619048, "percent_covered_display": "90", "missing_lines": 2, "excluded_lines": 0, "percent_statements_covered": 90.47619047619048, "percent_statements_covered_display": "90"}, "missing_lines": [471, 472], "excluded_lines": [], "start_line": 1}}}, "app/tasks/__init__.py": {"executed_lines": [], "summary": {"covered_lines": 0, "num_statements": 0, "percent_covered": 100.0, "percent_covered_display": "100", "missing_lines": 0, "excluded_lines": 0, "percent_statements_covered": 100.0, "percent_statements_covered_display": "100"}, "missing_lines": [], "excluded_lines": [], "functions": {"": {"executed_lines": [], "summary": {"covered_lines": 0, "num_statements": 0, "percent_covered": 100.0, "percent_covered_display": "100", "missing_lines": 0, "excluded_lines": 0, "percent_statements_covered": 100.0, "percent_statements_covered_display": "100"}, "missing_lines": [], "excluded_lines": [], "start_line": 1}}, "classes": {"": {"executed_lines": [], "summary": {"covered_lines": 0, "num_statements": 0, "percent_covered": 100.0, "percent_covered_display": "100", "missing_lines": 0, "excluded_lines": 0, "percent_statements_covered": 100.0, "percent_statements_covered_display": "100"}, "missing_lines": [], "excluded_lines": [], "start_line": 1}}}, "app/utils/rich_logger.py": {"executed_lines": [3, 5, 6, 7, 9, 12, 71, 73, 76], "summary": {"covered_lines": 9, "num_statements": 25, "percent_covered": 36.0, "percent_covered_display": "36", "missing_lines": 16, "excluded_lines": 0, "percent_statements_covered": 36.0, "percent_statements_covered_display": "36"}, "missing_lines": [28, 31, 32, 34, 37, 46, 49, 53, 55, 58, 59, 60, 61, 65, 66, 68], "excluded_lines": [], "functions": {"setup_rich_logger": {"executed_lines": [], "summary": {"covered_lines": 0, "num_statements": 16, "percent_covered": 0.0, "percent_covered_display": "0", "missing_lines": 16, "excluded_lines": 0, "percent_statements_covered": 0.0, "percent_statements_covered_display": "0"}, "missing_lines": [28, 31, 32, 34, 37, 46, 49, 53, 55, 58, 59, 60, 61, 65, 66, 68], "excluded_lines": [], "start_line": 12}, "get_logger": {"executed_lines": [73], "summary": {"covered_lines": 1, "num_statements": 1, "percent_covered": 100.0, "percent_covered_display": "100", "missing_lines": 0, "excluded_lines": 0, "percent_statements_covered": 100.0, "percent_statements_covered_display": "100"}, "missing_lines": [], "excluded_lines": [], "start_line": 71}, "": {"executed_lines": [3, 5, 6, 7, 9, 12, 71, 76], "summary": {"covered_lines": 8, "num_statements": 8, "percent_covered": 100.0, "percent_covered_display": "100", "missing_lines": 0, "excluded_lines": 0, "percent_statements_covered": 100.0, "percent_statements_covered_display": "100"}, "missing_lines": [], "excluded_lines": [], "start_line": 1}}, "classes": {"": {"executed_lines": [3, 5, 6, 7, 9, 12, 71, 73, 76], "summary": {"covered_lines": 9, "num_statements": 25, "percent_covered": 36.0, "percent_covered_display": "36", "missing_lines": 16, "excluded_lines": 0, "percent_statements_covered": 36.0, "percent_statements_covered_display": "36"}, "missing_lines": [28, 31, 32, 34, 37, 46, 49, 53, 55, 58, 59, 60, 61, 65, 66, 68], "excluded_lines": [], "start_line": 1}}}}, "totals": {"covered_lines": 3628, "num_statements": 7615, "percent_covered": 47.642810242941565, "percent_covered_display": "48", "missing_lines": 3987, "excluded_lines": 5, "percent_statements_covered": 47.642810242941565, "percent_statements_covered_display": "48"}}